{"/Users/dariapusovskaya/Desktop/react-ed/RS-react/rs-react-app/src/App.tsx": {"path":"/Users/dariapusovskaya/Desktop/react-ed/RS-react/rs-react-app/src/App.tsx","statementMap":{"0":{"start":{"line":11,"column":6},"end":{"line":29,"column":null}},"1":{"start":{"line":12,"column":2},"end":{"line":29,"column":null}}},"fnMap":{"0":{"name":"(anonymous_0)","decl":{"start":{"line":11,"column":6},"end":{"line":11,"column":18}},"loc":{"start":{"line":11,"column":18},"end":{"line":29,"column":null}},"line":11}},"branchMap":{},"s":{"0":1,"1":10},"f":{"0":10},"b":{},"meta":{"lastBranch":0,"lastFunction":1,"lastStatement":2,"seen":{"s:11:6:29:Infinity":0,"f:11:6:11:18":0,"s:12:2:29:Infinity":1}}}
,"/Users/dariapusovskaya/Desktop/react-ed/RS-react/rs-react-app/src/components/Bomb/Bomb.tsx": {"path":"/Users/dariapusovskaya/Desktop/react-ed/RS-react/rs-react-app/src/components/Bomb/Bomb.tsx","statementMap":{"0":{"start":{"line":9,"column":4},"end":{"line":10,"column":null}},"1":{"start":{"line":10,"column":6},"end":{"line":10,"column":null}},"2":{"start":{"line":12,"column":2},"end":{"line":12,"column":null}}},"fnMap":{"0":{"name":"(anonymous_0)","decl":{"start":{"line":8,"column":2},"end":{"line":8,"column":11}},"loc":{"start":{"line":8,"column":11},"end":{"line":12,"column":null}},"line":8}},"branchMap":{"0":{"loc":{"start":{"line":9,"column":4},"end":{"line":10,"column":null}},"type":"if","locations":[{"start":{"line":9,"column":4},"end":{"line":10,"column":null}},{"start":{},"end":{}}],"line":9}},"s":{"0":22,"1":2,"2":20},"f":{"0":22},"b":{"0":[2,20]},"meta":{"lastBranch":1,"lastFunction":1,"lastStatement":3,"seen":{"f:8:2:8:11":0,"b:9:4:10:Infinity:undefined:undefined:undefined:undefined":0,"s:9:4:10:Infinity":0,"s:10:6:10:Infinity":1,"s:12:2:12:Infinity":2}}}
,"/Users/dariapusovskaya/Desktop/react-ed/RS-react/rs-react-app/src/components/ErrorBoundary/ErrorBoundary.tsx": {"path":"/Users/dariapusovskaya/Desktop/react-ed/RS-react/rs-react-app/src/components/ErrorBoundary/ErrorBoundary.tsx","statementMap":{"0":{"start":{"line":14,"column":4},"end":{"line":14,"column":null}},"1":{"start":{"line":15,"column":4},"end":{"line":18,"column":null}},"2":{"start":{"line":22,"column":4},"end":{"line":25,"column":null}},"3":{"start":{"line":29,"column":4},"end":{"line":29,"column":null}},"4":{"start":{"line":30,"column":4},"end":{"line":30,"column":null}},"5":{"start":{"line":34,"column":4},"end":{"line":50,"column":null}},"6":{"start":{"line":35,"column":6},"end":{"line":50,"column":null}},"7":{"start":{"line":56,"column":4},"end":{"line":56,"column":null}}},"fnMap":{"0":{"name":"(anonymous_0)","decl":{"start":{"line":13,"column":2},"end":{"line":13,"column":14}},"loc":{"start":{"line":13,"column":41},"end":{"line":18,"column":null}},"line":13},"1":{"name":"(anonymous_1)","decl":{"start":{"line":21,"column":9},"end":{"line":21,"column":34}},"loc":{"start":{"line":21,"column":68},"end":{"line":25,"column":null}},"line":21},"2":{"name":"(anonymous_2)","decl":{"start":{"line":28,"column":2},"end":{"line":28,"column":20}},"loc":{"start":{"line":28,"column":68},"end":{"line":30,"column":null}},"line":28},"3":{"name":"(anonymous_3)","decl":{"start":{"line":33,"column":2},"end":{"line":33,"column":11}},"loc":{"start":{"line":33,"column":11},"end":{"line":56,"column":null}},"line":33}},"branchMap":{"0":{"loc":{"start":{"line":34,"column":4},"end":{"line":50,"column":null}},"type":"if","locations":[{"start":{"line":34,"column":4},"end":{"line":50,"column":null}},{"start":{},"end":{}}],"line":34}},"s":{"0":6,"1":6,"2":4,"3":2,"4":2,"5":9,"6":4,"7":5},"f":{"0":6,"1":1,"2":2,"3":9},"b":{"0":[4,5]},"meta":{"lastBranch":1,"lastFunction":4,"lastStatement":8,"seen":{"f:13:2:13:14":0,"s:14:4:14:Infinity":0,"s:15:4:18:Infinity":1,"f:21:9:21:34":1,"s:22:4:25:Infinity":2,"f:28:2:28:20":2,"s:29:4:29:Infinity":3,"s:30:4:30:Infinity":4,"f:33:2:33:11":3,"b:34:4:50:Infinity:undefined:undefined:undefined:undefined":0,"s:34:4:50:Infinity":5,"s:35:6:50:Infinity":6,"s:56:4:56:Infinity":7}}}
,"/Users/dariapusovskaya/Desktop/react-ed/RS-react/rs-react-app/src/components/Flyout/Flyout.tsx": {"path":"/Users/dariapusovskaya/Desktop/react-ed/RS-react/rs-react-app/src/components/Flyout/Flyout.tsx","statementMap":{"0":{"start":{"line":9,"column":13},"end":{"line":88,"column":null}},"1":{"start":{"line":10,"column":41},"end":{"line":10,"column":85}},"2":{"start":{"line":11,"column":26},"end":{"line":11,"column":44}},"3":{"start":{"line":13,"column":26},"end":{"line":13,"column":82}},"4":{"start":{"line":13,"column":47},"end":{"line":13,"column":81}},"5":{"start":{"line":15,"column":10},"end":{"line":39,"column":null}},"6":{"start":{"line":16,"column":8},"end":{"line":16,"column":null}},"7":{"start":{"line":16,"column":40},"end":{"line":16,"column":null}},"8":{"start":{"line":18,"column":24},"end":{"line":18,"column":null}},"9":{"start":{"line":19,"column":21},"end":{"line":24,"column":10}},"10":{"start":{"line":19,"column":47},"end":{"line":24,"column":10}},"11":{"start":{"line":26,"column":27},"end":{"line":29,"column":20}},"12":{"start":{"line":28,"column":31},"end":{"line":28,"column":69}},"13":{"start":{"line":28,"column":47},"end":{"line":28,"column":59}},"14":{"start":{"line":31,"column":21},"end":{"line":31,"column":80}},"15":{"start":{"line":32,"column":20},"end":{"line":32,"column":45}},"16":{"start":{"line":33,"column":21},"end":{"line":33,"column":48}},"17":{"start":{"line":34,"column":8},"end":{"line":34,"column":null}},"18":{"start":{"line":35,"column":8},"end":{"line":35,"column":null}},"19":{"start":{"line":36,"column":8},"end":{"line":36,"column":null}},"20":{"start":{"line":37,"column":8},"end":{"line":37,"column":null}},"21":{"start":{"line":38,"column":8},"end":{"line":38,"column":null}},"22":{"start":{"line":39,"column":8},"end":{"line":39,"column":null}},"23":{"start":{"line":42,"column":4},"end":{"line":43,"column":null}},"24":{"start":{"line":43,"column":8},"end":{"line":43,"column":null}},"25":{"start":{"line":46,"column":4},"end":{"line":88,"column":null}}},"fnMap":{"0":{"name":"(anonymous_0)","decl":{"start":{"line":9,"column":13},"end":{"line":9,"column":23}},"loc":{"start":{"line":9,"column":50},"end":{"line":88,"column":null}},"line":9},"1":{"name":"(anonymous_1)","decl":{"start":{"line":13,"column":32},"end":{"line":13,"column":39}},"loc":{"start":{"line":13,"column":47},"end":{"line":13,"column":81}},"line":13},"2":{"name":"(anonymous_2)","decl":{"start":{"line":15,"column":10},"end":{"line":15,"column":33}},"loc":{"start":{"line":15,"column":33},"end":{"line":39,"column":null}},"line":15},"3":{"name":"(anonymous_3)","decl":{"start":{"line":19,"column":35},"end":{"line":19,"column":39}},"loc":{"start":{"line":19,"column":47},"end":{"line":24,"column":10}},"line":19},"4":{"name":"(anonymous_4)","decl":{"start":{"line":28,"column":20},"end":{"line":28,"column":24}},"loc":{"start":{"line":28,"column":31},"end":{"line":28,"column":69}},"line":28},"5":{"name":"(anonymous_5)","decl":{"start":{"line":28,"column":35},"end":{"line":28,"column":39}},"loc":{"start":{"line":28,"column":47},"end":{"line":28,"column":59}},"line":28}},"branchMap":{"0":{"loc":{"start":{"line":16,"column":8},"end":{"line":16,"column":null}},"type":"if","locations":[{"start":{"line":16,"column":8},"end":{"line":16,"column":null}},{"start":{},"end":{}}],"line":16},"1":{"loc":{"start":{"line":42,"column":4},"end":{"line":43,"column":null}},"type":"if","locations":[{"start":{"line":42,"column":4},"end":{"line":43,"column":null}},{"start":{},"end":{}}],"line":42},"2":{"loc":{"start":{"line":61,"column":47},"end":{"line":61,"column":85}},"type":"cond-expr","locations":[{"start":{"line":61,"column":69},"end":{"line":61,"column":75}},{"start":{"line":61,"column":75},"end":{"line":61,"column":85}}],"line":61}},"s":{"0":1,"1":4,"2":4,"3":4,"4":8,"5":4,"6":1,"7":0,"8":1,"9":1,"10":2,"11":1,"12":2,"13":8,"14":1,"15":1,"16":1,"17":1,"18":1,"19":1,"20":1,"21":1,"22":1,"23":4,"24":1,"25":3},"f":{"0":4,"1":8,"2":1,"3":2,"4":2,"5":8},"b":{"0":[0,1],"1":[1,3],"2":[3,0]},"meta":{"lastBranch":3,"lastFunction":6,"lastStatement":26,"seen":{"s:9:13:88:Infinity":0,"f:9:13:9:23":0,"s:10:41:10:85":1,"s:11:26:11:44":2,"s:13:26:13:82":3,"f:13:32:13:39":1,"s:13:47:13:81":4,"s:15:10:39:Infinity":5,"f:15:10:15:33":2,"b:16:8:16:Infinity:undefined:undefined:undefined:undefined":0,"s:16:8:16:Infinity":6,"s:16:40:16:Infinity":7,"s:18:24:18:Infinity":8,"s:19:21:24:10":9,"f:19:35:19:39":3,"s:19:47:24:10":10,"s:26:27:29:20":11,"f:28:20:28:24":4,"s:28:31:28:69":12,"f:28:35:28:39":5,"s:28:47:28:59":13,"s:31:21:31:80":14,"s:32:20:32:45":15,"s:33:21:33:48":16,"s:34:8:34:Infinity":17,"s:35:8:35:Infinity":18,"s:36:8:36:Infinity":19,"s:37:8:37:Infinity":20,"s:38:8:38:Infinity":21,"s:39:8:39:Infinity":22,"b:42:4:43:Infinity:undefined:undefined:undefined:undefined":1,"s:42:4:43:Infinity":23,"s:43:8:43:Infinity":24,"s:46:4:88:Infinity":25,"b:61:69:61:75:61:75:61:85":2}}}
,"/Users/dariapusovskaya/Desktop/react-ed/RS-react/rs-react-app/src/components/ItemDetails/ItemDetails.tsx": {"path":"/Users/dariapusovskaya/Desktop/react-ed/RS-react/rs-react-app/src/components/ItemDetails/ItemDetails.tsx","statementMap":{"0":{"start":{"line":20,"column":6},"end":{"line":106,"column":null}},"1":{"start":{"line":21,"column":12},"end":{"line":21,"column":57}},"2":{"start":{"line":23,"column":17},"end":{"line":23,"column":65}},"3":{"start":{"line":24,"column":20},"end":{"line":24,"column":49}},"4":{"start":{"line":25,"column":18},"end":{"line":25,"column":59}},"5":{"start":{"line":27,"column":4},"end":{"line":50,"column":null}},"6":{"start":{"line":28,"column":8},"end":{"line":30,"column":null}},"7":{"start":{"line":29,"column":12},"end":{"line":29,"column":null}},"8":{"start":{"line":30,"column":12},"end":{"line":30,"column":null}},"9":{"start":{"line":33,"column":33},"end":{"line":44,"column":null}},"10":{"start":{"line":34,"column":12},"end":{"line":34,"column":null}},"11":{"start":{"line":35,"column":12},"end":{"line":35,"column":null}},"12":{"start":{"line":37,"column":12},"end":{"line":44,"column":null}},"13":{"start":{"line":38,"column":33},"end":{"line":38,"column":88}},"14":{"start":{"line":39,"column":29},"end":{"line":39,"column":50}},"15":{"start":{"line":40,"column":16},"end":{"line":40,"column":null}},"16":{"start":{"line":41,"column":16},"end":{"line":41,"column":null}},"17":{"start":{"line":43,"column":16},"end":{"line":43,"column":null}},"18":{"start":{"line":44,"column":16},"end":{"line":44,"column":null}},"19":{"start":{"line":48,"column":8},"end":{"line":48,"column":null}},"20":{"start":{"line":52,"column":4},"end":{"line":53,"column":null}},"21":{"start":{"line":53,"column":8},"end":{"line":53,"column":null}},"22":{"start":{"line":56,"column":4},"end":{"line":68,"column":null}},"23":{"start":{"line":57,"column":8},"end":{"line":68,"column":null}},"24":{"start":{"line":73,"column":4},"end":{"line":77,"column":null}},"25":{"start":{"line":74,"column":8},"end":{"line":77,"column":null}},"26":{"start":{"line":81,"column":4},"end":{"line":85,"column":null}},"27":{"start":{"line":82,"column":8},"end":{"line":85,"column":null}},"28":{"start":{"line":89,"column":4},"end":{"line":106,"column":null}}},"fnMap":{"0":{"name":"(anonymous_0)","decl":{"start":{"line":20,"column":6},"end":{"line":20,"column":26}},"loc":{"start":{"line":20,"column":26},"end":{"line":106,"column":null}},"line":20},"1":{"name":"(anonymous_1)","decl":{"start":{"line":27,"column":4},"end":{"line":27,"column":20}},"loc":{"start":{"line":27,"column":20},"end":{"line":50,"column":8}},"line":27},"2":{"name":"(anonymous_2)","decl":{"start":{"line":33,"column":33},"end":{"line":33,"column":45}},"loc":{"start":{"line":33,"column":45},"end":{"line":44,"column":null}},"line":33}},"branchMap":{"0":{"loc":{"start":{"line":28,"column":8},"end":{"line":30,"column":null}},"type":"if","locations":[{"start":{"line":28,"column":8},"end":{"line":30,"column":null}},{"start":{},"end":{}}],"line":28},"1":{"loc":{"start":{"line":52,"column":4},"end":{"line":53,"column":null}},"type":"if","locations":[{"start":{"line":52,"column":4},"end":{"line":53,"column":null}},{"start":{},"end":{}}],"line":52},"2":{"loc":{"start":{"line":56,"column":4},"end":{"line":68,"column":null}},"type":"if","locations":[{"start":{"line":56,"column":4},"end":{"line":68,"column":null}},{"start":{},"end":{}}],"line":56},"3":{"loc":{"start":{"line":73,"column":4},"end":{"line":77,"column":null}},"type":"if","locations":[{"start":{"line":73,"column":4},"end":{"line":77,"column":null}},{"start":{},"end":{}}],"line":73},"4":{"loc":{"start":{"line":81,"column":4},"end":{"line":85,"column":null}},"type":"if","locations":[{"start":{"line":81,"column":4},"end":{"line":85,"column":null}},{"start":{},"end":{}}],"line":81},"5":{"loc":{"start":{"line":93,"column":17},"end":{"line":98,"column":null}},"type":"binary-expr","locations":[{"start":{"line":93,"column":17},"end":{"line":93,"column":null}},{"start":{"line":94,"column":12},"end":{"line":98,"column":null}}],"line":93}},"s":{"0":2,"1":29,"2":29,"3":29,"4":29,"5":29,"6":11,"7":2,"8":2,"9":9,"10":9,"11":9,"12":9,"13":9,"14":8,"15":8,"16":8,"17":1,"18":1,"19":9,"20":29,"21":3,"22":26,"23":9,"24":17,"25":1,"26":16,"27":9,"28":7},"f":{"0":29,"1":11,"2":9},"b":{"0":[2,9],"1":[3,26],"2":[9,17],"3":[1,16],"4":[9,7],"5":[7,6]},"meta":{"lastBranch":6,"lastFunction":3,"lastStatement":29,"seen":{"s:20:6:106:Infinity":0,"f:20:6:20:26":0,"s:21:12:21:57":1,"s:23:17:23:65":2,"s:24:20:24:49":3,"s:25:18:25:59":4,"s:27:4:50:Infinity":5,"f:27:4:27:20":1,"b:28:8:30:Infinity:undefined:undefined:undefined:undefined":0,"s:28:8:30:Infinity":6,"s:29:12:29:Infinity":7,"s:30:12:30:Infinity":8,"s:33:33:44:Infinity":9,"f:33:33:33:45":2,"s:34:12:34:Infinity":10,"s:35:12:35:Infinity":11,"s:37:12:44:Infinity":12,"s:38:33:38:88":13,"s:39:29:39:50":14,"s:40:16:40:Infinity":15,"s:41:16:41:Infinity":16,"s:43:16:43:Infinity":17,"s:44:16:44:Infinity":18,"s:48:8:48:Infinity":19,"b:52:4:53:Infinity:undefined:undefined:undefined:undefined":1,"s:52:4:53:Infinity":20,"s:53:8:53:Infinity":21,"b:56:4:68:Infinity:undefined:undefined:undefined:undefined":2,"s:56:4:68:Infinity":22,"s:57:8:68:Infinity":23,"b:73:4:77:Infinity:undefined:undefined:undefined:undefined":3,"s:73:4:77:Infinity":24,"s:74:8:77:Infinity":25,"b:81:4:85:Infinity:undefined:undefined:undefined:undefined":4,"s:81:4:85:Infinity":26,"s:82:8:85:Infinity":27,"s:89:4:106:Infinity":28,"b:93:17:93:Infinity:94:12:98:Infinity":5}}}
,"/Users/dariapusovskaya/Desktop/react-ed/RS-react/rs-react-app/src/components/Loader/Loader.tsx": {"path":"/Users/dariapusovskaya/Desktop/react-ed/RS-react/rs-react-app/src/components/Loader/Loader.tsx","statementMap":{"0":{"start":{"line":4,"column":6},"end":{"line":8,"column":null}},"1":{"start":{"line":5,"column":2},"end":{"line":8,"column":null}},"2":{"start":{"line":13,"column":15},"end":{"line":35,"column":null}},"3":{"start":{"line":37,"column":19},"end":{"line":37,"column":50}},"4":{"start":{"line":38,"column":0},"end":{"line":38,"column":null}},"5":{"start":{"line":44,"column":0},"end":{"line":44,"column":null}}},"fnMap":{"0":{"name":"(anonymous_0)","decl":{"start":{"line":4,"column":6},"end":{"line":4,"column":21}},"loc":{"start":{"line":4,"column":21},"end":{"line":8,"column":null}},"line":4}},"branchMap":{},"s":{"0":3,"1":11,"2":3,"3":3,"4":3,"5":3},"f":{"0":11},"b":{},"meta":{"lastBranch":0,"lastFunction":1,"lastStatement":6,"seen":{"s:4:6:8:Infinity":0,"f:4:6:4:21":0,"s:5:2:8:Infinity":1,"s:13:15:35:Infinity":2,"s:37:19:37:50":3,"s:38:0:38:Infinity":4,"s:44:0:44:Infinity":5}}}
,"/Users/dariapusovskaya/Desktop/react-ed/RS-react/rs-react-app/src/components/Pagination/Pagination.tsx": {"path":"/Users/dariapusovskaya/Desktop/react-ed/RS-react/rs-react-app/src/components/Pagination/Pagination.tsx","statementMap":{"0":{"start":{"line":8,"column":6},"end":{"line":94,"column":null}},"1":{"start":{"line":9,"column":2},"end":{"line":10,"column":null}},"2":{"start":{"line":10,"column":4},"end":{"line":10,"column":null}},"3":{"start":{"line":13,"column":8},"end":{"line":37,"column":null}},"4":{"start":{"line":14,"column":28},"end":{"line":14,"column":30}},"5":{"start":{"line":15,"column":23},"end":{"line":15,"column":null}},"6":{"start":{"line":17,"column":4},"end":{"line":33,"column":null}},"7":{"start":{"line":18,"column":6},"end":{"line":19,"column":null}},"8":{"start":{"line":18,"column":19},"end":{"line":18,"column":22}},"9":{"start":{"line":19,"column":8},"end":{"line":19,"column":null}},"10":{"start":{"line":22,"column":18},"end":{"line":22,"column":46}},"11":{"start":{"line":23,"column":16},"end":{"line":23,"column":53}},"12":{"start":{"line":25,"column":6},"end":{"line":26,"column":null}},"13":{"start":{"line":26,"column":8},"end":{"line":26,"column":null}},"14":{"start":{"line":28,"column":6},"end":{"line":29,"column":null}},"15":{"start":{"line":29,"column":8},"end":{"line":29,"column":null}},"16":{"start":{"line":32,"column":6},"end":{"line":33,"column":null}},"17":{"start":{"line":32,"column":19},"end":{"line":32,"column":26}},"18":{"start":{"line":33,"column":8},"end":{"line":33,"column":null}},"19":{"start":{"line":37,"column":4},"end":{"line":37,"column":null}},"20":{"start":{"line":40,"column":22},"end":{"line":40,"column":38}},"21":{"start":{"line":42,"column":2},"end":{"line":94,"column":null}},"22":{"start":{"line":51,"column":23},"end":{"line":51,"column":52}},"23":{"start":{"line":65,"column":8},"end":{"line":79,"column":null}},"24":{"start":{"line":67,"column":25},"end":{"line":67,"column":43}},"25":{"start":{"line":83,"column":23},"end":{"line":83,"column":52}}},"fnMap":{"0":{"name":"(anonymous_0)","decl":{"start":{"line":8,"column":6},"end":{"line":8,"column":20}},"loc":{"start":{"line":8,"column":94},"end":{"line":94,"column":null}},"line":8},"1":{"name":"(anonymous_1)","decl":{"start":{"line":13,"column":8},"end":{"line":13,"column":31}},"loc":{"start":{"line":13,"column":31},"end":{"line":37,"column":null}},"line":13},"2":{"name":"(anonymous_2)","decl":{"start":{"line":51,"column":8},"end":{"line":51,"column":23}},"loc":{"start":{"line":51,"column":23},"end":{"line":51,"column":52}},"line":51},"3":{"name":"(anonymous_3)","decl":{"start":{"line":64,"column":19},"end":{"line":64,"column":23}},"loc":{"start":{"line":65,"column":8},"end":{"line":79,"column":null}},"line":65},"4":{"name":"(anonymous_4)","decl":{"start":{"line":67,"column":10},"end":{"line":67,"column":25}},"loc":{"start":{"line":67,"column":25},"end":{"line":67,"column":43}},"line":67},"5":{"name":"(anonymous_5)","decl":{"start":{"line":83,"column":8},"end":{"line":83,"column":23}},"loc":{"start":{"line":83,"column":23},"end":{"line":83,"column":52}},"line":83}},"branchMap":{"0":{"loc":{"start":{"line":9,"column":2},"end":{"line":10,"column":null}},"type":"if","locations":[{"start":{"line":9,"column":2},"end":{"line":10,"column":null}},{"start":{},"end":{}}],"line":9},"1":{"loc":{"start":{"line":9,"column":6},"end":{"line":9,"column":36}},"type":"binary-expr","locations":[{"start":{"line":9,"column":6},"end":{"line":9,"column":19}},{"start":{"line":9,"column":19},"end":{"line":9,"column":36}}],"line":9},"2":{"loc":{"start":{"line":17,"column":4},"end":{"line":33,"column":null}},"type":"if","locations":[{"start":{"line":17,"column":4},"end":{"line":33,"column":null}},{"start":{"line":21,"column":11},"end":{"line":33,"column":null}}],"line":17},"3":{"loc":{"start":{"line":25,"column":6},"end":{"line":26,"column":null}},"type":"if","locations":[{"start":{"line":25,"column":6},"end":{"line":26,"column":null}},{"start":{},"end":{}}],"line":25},"4":{"loc":{"start":{"line":28,"column":6},"end":{"line":29,"column":null}},"type":"if","locations":[{"start":{"line":28,"column":6},"end":{"line":29,"column":null}},{"start":{},"end":{}}],"line":28},"5":{"loc":{"start":{"line":57,"column":27},"end":{"line":57,"column":null}},"type":"cond-expr","locations":[{"start":{"line":57,"column":47},"end":{"line":57,"column":59}},{"start":{"line":57,"column":59},"end":{"line":57,"column":null}}],"line":57},"6":{"loc":{"start":{"line":58,"column":18},"end":{"line":58,"column":null}},"type":"cond-expr","locations":[{"start":{"line":58,"column":38},"end":{"line":58,"column":54}},{"start":{"line":58,"column":54},"end":{"line":58,"column":null}}],"line":58},"7":{"loc":{"start":{"line":72,"column":29},"end":{"line":72,"column":null}},"type":"cond-expr","locations":[{"start":{"line":72,"column":52},"end":{"line":72,"column":64}},{"start":{"line":72,"column":64},"end":{"line":72,"column":null}}],"line":72},"8":{"loc":{"start":{"line":73,"column":19},"end":{"line":73,"column":null}},"type":"cond-expr","locations":[{"start":{"line":73,"column":42},"end":{"line":73,"column":54}},{"start":{"line":73,"column":54},"end":{"line":73,"column":null}}],"line":73},"9":{"loc":{"start":{"line":74,"column":24},"end":{"line":74,"column":null}},"type":"cond-expr","locations":[{"start":{"line":74,"column":47},"end":{"line":74,"column":56}},{"start":{"line":74,"column":56},"end":{"line":74,"column":null}}],"line":74},"10":{"loc":{"start":{"line":89,"column":27},"end":{"line":89,"column":null}},"type":"cond-expr","locations":[{"start":{"line":89,"column":56},"end":{"line":89,"column":68}},{"start":{"line":89,"column":68},"end":{"line":89,"column":null}}],"line":89},"11":{"loc":{"start":{"line":90,"column":18},"end":{"line":90,"column":null}},"type":"cond-expr","locations":[{"start":{"line":90,"column":47},"end":{"line":90,"column":63}},{"start":{"line":90,"column":63},"end":{"line":90,"column":null}}],"line":90}},"s":{"0":2,"1":15,"2":2,"3":13,"4":13,"5":13,"6":13,"7":4,"8":4,"9":18,"10":9,"11":9,"12":9,"13":6,"14":9,"15":2,"16":9,"17":9,"18":45,"19":13,"20":13,"21":13,"22":1,"23":63,"24":1,"25":1},"f":{"0":15,"1":13,"2":1,"3":63,"4":1,"5":1},"b":{"0":[2,13],"1":[15,14],"2":[4,9],"3":[6,3],"4":[2,7],"5":[3,10],"6":[3,10],"7":[13,50],"8":[13,50],"9":[13,50],"10":[2,11],"11":[2,11]},"meta":{"lastBranch":12,"lastFunction":6,"lastStatement":26,"seen":{"s:8:6:94:Infinity":0,"f:8:6:8:20":0,"b:9:2:10:Infinity:undefined:undefined:undefined:undefined":0,"s:9:2:10:Infinity":1,"b:9:6:9:19:9:19:9:36":1,"s:10:4:10:Infinity":2,"s:13:8:37:Infinity":3,"f:13:8:13:31":1,"s:14:28:14:30":4,"s:15:23:15:Infinity":5,"b:17:4:33:Infinity:21:11:33:Infinity":2,"s:17:4:33:Infinity":6,"s:18:6:19:Infinity":7,"s:18:19:18:22":8,"s:19:8:19:Infinity":9,"s:22:18:22:46":10,"s:23:16:23:53":11,"b:25:6:26:Infinity:undefined:undefined:undefined:undefined":3,"s:25:6:26:Infinity":12,"s:26:8:26:Infinity":13,"b:28:6:29:Infinity:undefined:undefined:undefined:undefined":4,"s:28:6:29:Infinity":14,"s:29:8:29:Infinity":15,"s:32:6:33:Infinity":16,"s:32:19:32:26":17,"s:33:8:33:Infinity":18,"s:37:4:37:Infinity":19,"s:40:22:40:38":20,"s:42:2:94:Infinity":21,"f:51:8:51:23":2,"s:51:23:51:52":22,"b:57:47:57:59:57:59:57:Infinity":5,"b:58:38:58:54:58:54:58:Infinity":6,"f:64:19:64:23":3,"s:65:8:79:Infinity":23,"f:67:10:67:25":4,"s:67:25:67:43":24,"b:72:52:72:64:72:64:72:Infinity":7,"b:73:42:73:54:73:54:73:Infinity":8,"b:74:47:74:56:74:56:74:Infinity":9,"f:83:8:83:23":5,"s:83:23:83:52":25,"b:89:56:89:68:89:68:89:Infinity":10,"b:90:47:90:63:90:63:90:Infinity":11}}}
,"/Users/dariapusovskaya/Desktop/react-ed/RS-react/rs-react-app/src/components/Results/Card.tsx": {"path":"/Users/dariapusovskaya/Desktop/react-ed/RS-react/rs-react-app/src/components/Results/Card.tsx","statementMap":{"0":{"start":{"line":4,"column":6},"end":{"line":14,"column":null}},"1":{"start":{"line":5,"column":2},"end":{"line":14,"column":null}}},"fnMap":{"0":{"name":"(anonymous_0)","decl":{"start":{"line":4,"column":6},"end":{"line":4,"column":14}},"loc":{"start":{"line":4,"column":38},"end":{"line":14,"column":null}},"line":4}},"branchMap":{},"s":{"0":4,"1":7},"f":{"0":7},"b":{},"meta":{"lastBranch":0,"lastFunction":1,"lastStatement":2,"seen":{"s:4:6:14:Infinity":0,"f:4:6:4:14":0,"s:5:2:14:Infinity":1}}}
,"/Users/dariapusovskaya/Desktop/react-ed/RS-react/rs-react-app/src/components/Results/CardList.tsx": {"path":"/Users/dariapusovskaya/Desktop/react-ed/RS-react/rs-react-app/src/components/Results/CardList.tsx","statementMap":{"0":{"start":{"line":11,"column":6},"end":{"line":52,"column":null}},"1":{"start":{"line":12,"column":22},"end":{"line":12,"column":60}},"2":{"start":{"line":14,"column":8},"end":{"line":16,"column":null}},"3":{"start":{"line":15,"column":4},"end":{"line":15,"column":null}},"4":{"start":{"line":16,"column":4},"end":{"line":16,"column":null}},"5":{"start":{"line":20,"column":2},"end":{"line":21,"column":null}},"6":{"start":{"line":21,"column":5},"end":{"line":21,"column":null}},"7":{"start":{"line":24,"column":2},"end":{"line":52,"column":null}},"8":{"start":{"line":27,"column":8},"end":{"line":50,"column":null}},"9":{"start":{"line":29,"column":25},"end":{"line":29,"column":47}},"10":{"start":{"line":44,"column":28},"end":{"line":44,"column":59}}},"fnMap":{"0":{"name":"(anonymous_0)","decl":{"start":{"line":11,"column":6},"end":{"line":11,"column":18}},"loc":{"start":{"line":11,"column":76},"end":{"line":52,"column":null}},"line":11},"1":{"name":"(anonymous_1)","decl":{"start":{"line":14,"column":8},"end":{"line":14,"column":31}},"loc":{"start":{"line":14,"column":67},"end":{"line":16,"column":null}},"line":14},"2":{"name":"(anonymous_2)","decl":{"start":{"line":26,"column":13},"end":{"line":26,"column":17}},"loc":{"start":{"line":27,"column":8},"end":{"line":50,"column":null}},"line":27},"3":{"name":"(anonymous_3)","decl":{"start":{"line":29,"column":10},"end":{"line":29,"column":25}},"loc":{"start":{"line":29,"column":25},"end":{"line":29,"column":47}},"line":29},"4":{"name":"(anonymous_4)","decl":{"start":{"line":43,"column":12},"end":{"line":43,"column":28}},"loc":{"start":{"line":43,"column":28},"end":{"line":43,"column":null}},"line":43},"5":{"name":"(anonymous_5)","decl":{"start":{"line":44,"column":12},"end":{"line":44,"column":22}},"loc":{"start":{"line":44,"column":28},"end":{"line":44,"column":59}},"line":44}},"branchMap":{"0":{"loc":{"start":{"line":20,"column":2},"end":{"line":21,"column":null}},"type":"if","locations":[{"start":{"line":20,"column":2},"end":{"line":21,"column":null}},{"start":{},"end":{}}],"line":20},"1":{"loc":{"start":{"line":20,"column":6},"end":{"line":20,"column":61}},"type":"binary-expr","locations":[{"start":{"line":20,"column":6},"end":{"line":20,"column":16}},{"start":{"line":20,"column":16},"end":{"line":20,"column":37}},{"start":{"line":20,"column":41},"end":{"line":20,"column":61}}],"line":20},"2":{"loc":{"start":{"line":31,"column":20},"end":{"line":31,"column":null}},"type":"cond-expr","locations":[{"start":{"line":31,"column":34},"end":{"line":31,"column":46}},{"start":{"line":31,"column":46},"end":{"line":31,"column":null}}],"line":31},"3":{"loc":{"start":{"line":32,"column":29},"end":{"line":32,"column":null}},"type":"cond-expr","locations":[{"start":{"line":32,"column":66},"end":{"line":32,"column":78}},{"start":{"line":32,"column":78},"end":{"line":32,"column":null}}],"line":32}},"s":{"0":3,"1":16,"2":16,"3":0,"4":0,"5":16,"6":14,"7":2,"8":5,"9":0,"10":0},"f":{"0":16,"1":0,"2":5,"3":0,"4":0,"5":0},"b":{"0":[14,2],"1":[16,15,15],"2":[0,5],"3":[0,5]},"meta":{"lastBranch":4,"lastFunction":6,"lastStatement":11,"seen":{"s:11:6:52:Infinity":0,"f:11:6:11:18":0,"s:12:22:12:60":1,"s:14:8:16:Infinity":2,"f:14:8:14:31":1,"s:15:4:15:Infinity":3,"s:16:4:16:Infinity":4,"b:20:2:21:Infinity:undefined:undefined:undefined:undefined":0,"s:20:2:21:Infinity":5,"b:20:6:20:16:20:16:20:37:20:41:20:61":1,"s:21:5:21:Infinity":6,"s:24:2:52:Infinity":7,"f:26:13:26:17":2,"s:27:8:50:Infinity":8,"f:29:10:29:25":3,"s:29:25:29:47":9,"b:31:34:31:46:31:46:31:Infinity":2,"b:32:66:32:78:32:78:32:Infinity":3,"f:43:12:43:28":4,"f:44:12:44:22":5,"s:44:28:44:59":10}}}
,"/Users/dariapusovskaya/Desktop/react-ed/RS-react/rs-react-app/src/components/Results/Results.tsx": {"path":"/Users/dariapusovskaya/Desktop/react-ed/RS-react/rs-react-app/src/components/Results/Results.tsx","statementMap":{"0":{"start":{"line":14,"column":6},"end":{"line":30,"column":null}},"1":{"start":{"line":15,"column":2},"end":{"line":16,"column":null}},"2":{"start":{"line":16,"column":6},"end":{"line":16,"column":null}},"3":{"start":{"line":19,"column":2},"end":{"line":20,"column":null}},"4":{"start":{"line":20,"column":6},"end":{"line":20,"column":null}},"5":{"start":{"line":23,"column":16},"end":{"line":23,"column":53}},"6":{"start":{"line":25,"column":2},"end":{"line":30,"column":null}}},"fnMap":{"0":{"name":"(anonymous_0)","decl":{"start":{"line":14,"column":6},"end":{"line":14,"column":17}},"loc":{"start":{"line":14,"column":100},"end":{"line":30,"column":null}},"line":14}},"branchMap":{"0":{"loc":{"start":{"line":15,"column":2},"end":{"line":16,"column":null}},"type":"if","locations":[{"start":{"line":15,"column":2},"end":{"line":16,"column":null}},{"start":{},"end":{}}],"line":15},"1":{"loc":{"start":{"line":19,"column":2},"end":{"line":20,"column":null}},"type":"if","locations":[{"start":{"line":19,"column":2},"end":{"line":20,"column":null}},{"start":{},"end":{}}],"line":19},"2":{"loc":{"start":{"line":23,"column":16},"end":{"line":23,"column":53}},"type":"cond-expr","locations":[{"start":{"line":23,"column":41},"end":{"line":23,"column":51}},{"start":{"line":23,"column":51},"end":{"line":23,"column":53}}],"line":23}},"s":{"0":2,"1":23,"2":9,"3":14,"4":1,"5":13,"6":23},"f":{"0":23},"b":{"0":[9,14],"1":[1,13],"2":[10,3]},"meta":{"lastBranch":3,"lastFunction":1,"lastStatement":7,"seen":{"s:14:6:30:Infinity":0,"f:14:6:14:17":0,"b:15:2:16:Infinity:undefined:undefined:undefined:undefined":0,"s:15:2:16:Infinity":1,"s:16:6:16:Infinity":2,"b:19:2:20:Infinity:undefined:undefined:undefined:undefined":1,"s:19:2:20:Infinity":3,"s:20:6:20:Infinity":4,"s:23:16:23:53":5,"b:23:41:23:51:23:51:23:53":2,"s:25:2:30:Infinity":6}}}
,"/Users/dariapusovskaya/Desktop/react-ed/RS-react/rs-react-app/src/components/Search/Search.tsx": {"path":"/Users/dariapusovskaya/Desktop/react-ed/RS-react/rs-react-app/src/components/Search/Search.tsx","statementMap":{"0":{"start":{"line":9,"column":13},"end":{"line":32,"column":null}},"1":{"start":{"line":10,"column":21},"end":{"line":10,"column":64}},"2":{"start":{"line":12,"column":2},"end":{"line":14,"column":null}},"3":{"start":{"line":13,"column":4},"end":{"line":13,"column":null}},"4":{"start":{"line":16,"column":8},"end":{"line":18,"column":null}},"5":{"start":{"line":17,"column":25},"end":{"line":17,"column":42}},"6":{"start":{"line":18,"column":4},"end":{"line":18,"column":null}},"7":{"start":{"line":21,"column":2},"end":{"line":32,"column":null}},"8":{"start":{"line":26,"column":25},"end":{"line":26,"column":54}}},"fnMap":{"0":{"name":"(anonymous_0)","decl":{"start":{"line":9,"column":13},"end":{"line":9,"column":23}},"loc":{"start":{"line":9,"column":76},"end":{"line":32,"column":null}},"line":9},"1":{"name":"(anonymous_1)","decl":{"start":{"line":12,"column":2},"end":{"line":12,"column":18}},"loc":{"start":{"line":12,"column":18},"end":{"line":14,"column":6}},"line":12},"2":{"name":"(anonymous_2)","decl":{"start":{"line":16,"column":8},"end":{"line":16,"column":34}},"loc":{"start":{"line":16,"column":34},"end":{"line":18,"column":null}},"line":16},"3":{"name":"(anonymous_3)","decl":{"start":{"line":26,"column":8},"end":{"line":26,"column":19}},"loc":{"start":{"line":26,"column":25},"end":{"line":26,"column":54}},"line":26}},"branchMap":{"0":{"loc":{"start":{"line":10,"column":47},"end":{"line":10,"column":64}},"type":"binary-expr","locations":[{"start":{"line":10,"column":47},"end":{"line":10,"column":61}},{"start":{"line":10,"column":61},"end":{"line":10,"column":64}}],"line":10}},"s":{"0":2,"1":72,"2":72,"3":20,"4":72,"5":3,"6":3,"7":72,"8":35},"f":{"0":72,"1":20,"2":3,"3":35},"b":{"0":[72,68]},"meta":{"lastBranch":1,"lastFunction":4,"lastStatement":9,"seen":{"s:9:13:32:Infinity":0,"f:9:13:9:23":0,"s:10:21:10:64":1,"b:10:47:10:61:10:61:10:64":0,"s:12:2:14:Infinity":2,"f:12:2:12:18":1,"s:13:4:13:Infinity":3,"s:16:8:18:Infinity":4,"f:16:8:16:34":2,"s:17:25:17:42":5,"s:18:4:18:Infinity":6,"s:21:2:32:Infinity":7,"f:26:8:26:19":3,"s:26:25:26:54":8}}}
,"/Users/dariapusovskaya/Desktop/react-ed/RS-react/rs-react-app/src/context/ThemeContext.tsx": {"path":"/Users/dariapusovskaya/Desktop/react-ed/RS-react/rs-react-app/src/context/ThemeContext.tsx","statementMap":{"0":{"start":{"line":11,"column":6},"end":{"line":11,"column":75}},"1":{"start":{"line":13,"column":13},"end":{"line":40,"column":null}},"2":{"start":{"line":14,"column":18},"end":{"line":17,"column":null}},"3":{"start":{"line":15,"column":27},"end":{"line":15,"column":56}},"4":{"start":{"line":16,"column":8},"end":{"line":16,"column":null}},"5":{"start":{"line":19,"column":4},"end":{"line":31,"column":null}},"6":{"start":{"line":20,"column":8},"end":{"line":20,"column":null}},"7":{"start":{"line":22,"column":8},"end":{"line":29,"column":null}},"8":{"start":{"line":23,"column":12},"end":{"line":23,"column":null}},"9":{"start":{"line":24,"column":12},"end":{"line":24,"column":null}},"10":{"start":{"line":25,"column":12},"end":{"line":25,"column":null}},"11":{"start":{"line":27,"column":12},"end":{"line":27,"column":null}},"12":{"start":{"line":28,"column":12},"end":{"line":28,"column":null}},"13":{"start":{"line":29,"column":12},"end":{"line":29,"column":null}},"14":{"start":{"line":33,"column":10},"end":{"line":34,"column":null}},"15":{"start":{"line":34,"column":8},"end":{"line":34,"column":null}},"16":{"start":{"line":34,"column":25},"end":{"line":34,"column":61}},"17":{"start":{"line":37,"column":4},"end":{"line":40,"column":null}},"18":{"start":{"line":44,"column":13},"end":{"line":49,"column":null}},"19":{"start":{"line":45,"column":14},"end":{"line":45,"column":48}},"20":{"start":{"line":46,"column":8},"end":{"line":47,"column":null}},"21":{"start":{"line":47,"column":12},"end":{"line":47,"column":null}},"22":{"start":{"line":49,"column":8},"end":{"line":49,"column":null}}},"fnMap":{"0":{"name":"(anonymous_0)","decl":{"start":{"line":13,"column":13},"end":{"line":13,"column":30}},"loc":{"start":{"line":13,"column":71},"end":{"line":40,"column":null}},"line":13},"1":{"name":"(anonymous_1)","decl":{"start":{"line":14,"column":30},"end":{"line":14,"column":52}},"loc":{"start":{"line":14,"column":52},"end":{"line":17,"column":null}},"line":14},"2":{"name":"(anonymous_2)","decl":{"start":{"line":19,"column":4},"end":{"line":19,"column":20}},"loc":{"start":{"line":19,"column":20},"end":{"line":31,"column":8}},"line":19},"3":{"name":"(anonymous_3)","decl":{"start":{"line":33,"column":10},"end":{"line":33,"column":30}},"loc":{"start":{"line":33,"column":30},"end":{"line":34,"column":null}},"line":33},"4":{"name":"(anonymous_4)","decl":{"start":{"line":34,"column":8},"end":{"line":34,"column":17}},"loc":{"start":{"line":34,"column":25},"end":{"line":34,"column":61}},"line":34},"5":{"name":"(anonymous_5)","decl":{"start":{"line":44,"column":13},"end":{"line":44,"column":30}},"loc":{"start":{"line":44,"column":30},"end":{"line":49,"column":null}},"line":44}},"branchMap":{"0":{"loc":{"start":{"line":16,"column":15},"end":{"line":16,"column":null}},"type":"binary-expr","locations":[{"start":{"line":16,"column":15},"end":{"line":16,"column":29}},{"start":{"line":16,"column":29},"end":{"line":16,"column":null}}],"line":16},"1":{"loc":{"start":{"line":22,"column":8},"end":{"line":29,"column":null}},"type":"if","locations":[{"start":{"line":22,"column":8},"end":{"line":29,"column":null}},{"start":{"line":26,"column":15},"end":{"line":29,"column":null}}],"line":22},"2":{"loc":{"start":{"line":34,"column":25},"end":{"line":34,"column":61}},"type":"cond-expr","locations":[{"start":{"line":34,"column":44},"end":{"line":34,"column":53}},{"start":{"line":34,"column":53},"end":{"line":34,"column":61}}],"line":34},"3":{"loc":{"start":{"line":46,"column":8},"end":{"line":47,"column":null}},"type":"if","locations":[{"start":{"line":46,"column":8},"end":{"line":47,"column":null}},{"start":{},"end":{}}],"line":46}},"s":{"0":1,"1":1,"2":16,"3":8,"4":8,"5":16,"6":16,"7":16,"8":7,"9":7,"10":7,"11":9,"12":9,"13":9,"14":16,"15":8,"16":8,"17":16,"18":1,"19":18,"20":18,"21":2,"22":15},"f":{"0":16,"1":8,"2":16,"3":8,"4":8,"5":18},"b":{"0":[8,7],"1":[7,9],"2":[6,2],"3":[2,16]},"meta":{"lastBranch":4,"lastFunction":6,"lastStatement":23,"seen":{"s:11:6:11:75":0,"s:13:13:40:Infinity":1,"f:13:13:13:30":0,"s:14:18:17:Infinity":2,"f:14:30:14:52":1,"s:15:27:15:56":3,"s:16:8:16:Infinity":4,"b:16:15:16:29:16:29:16:Infinity":0,"s:19:4:31:Infinity":5,"f:19:4:19:20":2,"s:20:8:20:Infinity":6,"b:22:8:29:Infinity:26:15:29:Infinity":1,"s:22:8:29:Infinity":7,"s:23:12:23:Infinity":8,"s:24:12:24:Infinity":9,"s:25:12:25:Infinity":10,"s:27:12:27:Infinity":11,"s:28:12:28:Infinity":12,"s:29:12:29:Infinity":13,"s:33:10:34:Infinity":14,"f:33:10:33:30":3,"s:34:8:34:Infinity":15,"f:34:8:34:17":4,"s:34:25:34:61":16,"b:34:44:34:53:34:53:34:61":2,"s:37:4:40:Infinity":17,"s:44:13:49:Infinity":18,"f:44:13:44:30":5,"s:45:14:45:48":19,"b:46:8:47:Infinity:undefined:undefined:undefined:undefined":3,"s:46:8:47:Infinity":20,"s:47:12:47:Infinity":21,"s:49:8:49:Infinity":22}}}
,"/Users/dariapusovskaya/Desktop/react-ed/RS-react/rs-react-app/src/hooks/useLocalStorage.ts": {"path":"/Users/dariapusovskaya/Desktop/react-ed/RS-react/rs-react-app/src/hooks/useLocalStorage.ts","statementMap":{"0":{"start":{"line":3,"column":13},"end":{"line":22,"column":null}},"1":{"start":{"line":4,"column":22},"end":{"line":11,"column":null}},"2":{"start":{"line":5,"column":4},"end":{"line":9,"column":null}},"3":{"start":{"line":6,"column":19},"end":{"line":6,"column":44}},"4":{"start":{"line":7,"column":6},"end":{"line":7,"column":null}},"5":{"start":{"line":9,"column":6},"end":{"line":9,"column":null}},"6":{"start":{"line":13,"column":8},"end":{"line":18,"column":null}},"7":{"start":{"line":14,"column":4},"end":{"line":18,"column":null}},"8":{"start":{"line":15,"column":6},"end":{"line":15,"column":null}},"9":{"start":{"line":16,"column":6},"end":{"line":16,"column":null}},"10":{"start":{"line":18,"column":6},"end":{"line":18,"column":null}},"11":{"start":{"line":22,"column":2},"end":{"line":22,"column":null}}},"fnMap":{"0":{"name":"(anonymous_0)","decl":{"start":{"line":3,"column":13},"end":{"line":3,"column":36}},"loc":{"start":{"line":3,"column":94},"end":{"line":22,"column":null}},"line":3},"1":{"name":"(anonymous_1)","decl":{"start":{"line":4,"column":40},"end":{"line":4,"column":58}},"loc":{"start":{"line":4,"column":58},"end":{"line":11,"column":null}},"line":4},"2":{"name":"(anonymous_2)","decl":{"start":{"line":13,"column":8},"end":{"line":13,"column":20}},"loc":{"start":{"line":13,"column":33},"end":{"line":18,"column":null}},"line":13}},"branchMap":{"0":{"loc":{"start":{"line":7,"column":13},"end":{"line":7,"column":null}},"type":"cond-expr","locations":[{"start":{"line":7,"column":20},"end":{"line":7,"column":36}},{"start":{"line":7,"column":39},"end":{"line":7,"column":null}}],"line":7}},"s":{"0":1,"1":16,"2":10,"3":10,"4":10,"5":1,"6":16,"7":6,"8":6,"9":6,"10":1,"11":16},"f":{"0":16,"1":10,"2":6},"b":{"0":[3,7]},"meta":{"lastBranch":1,"lastFunction":3,"lastStatement":12,"seen":{"s:3:13:22:Infinity":0,"f:3:13:3:36":0,"s:4:22:11:Infinity":1,"f:4:40:4:58":1,"s:5:4:9:Infinity":2,"s:6:19:6:44":3,"s:7:6:7:Infinity":4,"b:7:20:7:36:7:39:7:Infinity":0,"s:9:6:9:Infinity":5,"s:13:8:18:Infinity":6,"f:13:8:13:20":2,"s:14:4:18:Infinity":7,"s:15:6:15:Infinity":8,"s:16:6:16:Infinity":9,"s:18:6:18:Infinity":10,"s:22:2:22:Infinity":11}}}
,"/Users/dariapusovskaya/Desktop/react-ed/RS-react/rs-react-app/src/layouts/RootLayout.tsx": {"path":"/Users/dariapusovskaya/Desktop/react-ed/RS-react/rs-react-app/src/layouts/RootLayout.tsx","statementMap":{"0":{"start":{"line":4,"column":6},"end":{"line":46,"column":null}},"1":{"start":{"line":5,"column":19},"end":{"line":5,"column":45}},"2":{"start":{"line":7,"column":4},"end":{"line":46,"column":null}}},"fnMap":{"0":{"name":"(anonymous_0)","decl":{"start":{"line":4,"column":6},"end":{"line":4,"column":25}},"loc":{"start":{"line":4,"column":25},"end":{"line":46,"column":null}},"line":4}},"branchMap":{"0":{"loc":{"start":{"line":16,"column":41},"end":{"line":16,"column":77}},"type":"cond-expr","locations":[{"start":{"line":16,"column":60},"end":{"line":16,"column":69}},{"start":{"line":16,"column":69},"end":{"line":16,"column":77}}],"line":16},"1":{"loc":{"start":{"line":17,"column":46},"end":{"line":17,"column":82}},"type":"cond-expr","locations":[{"start":{"line":17,"column":65},"end":{"line":17,"column":74}},{"start":{"line":17,"column":74},"end":{"line":17,"column":82}}],"line":17},"2":{"loc":{"start":{"line":23,"column":37},"end":{"line":23,"column":null}},"type":"cond-expr","locations":[{"start":{"line":23,"column":56},"end":{"line":23,"column":68}},{"start":{"line":23,"column":68},"end":{"line":23,"column":null}}],"line":23},"3":{"loc":{"start":{"line":30,"column":17},"end":{"line":30,"column":null}},"type":"cond-expr","locations":[{"start":{"line":30,"column":37},"end":{"line":30,"column":49}},{"start":{"line":30,"column":49},"end":{"line":30,"column":null}}],"line":30}},"s":{"0":1,"1":10,"2":10},"f":{"0":10},"b":{"0":[0,10],"1":[0,10],"2":[0,10],"3":[10,0]},"meta":{"lastBranch":4,"lastFunction":1,"lastStatement":3,"seen":{"s:4:6:46:Infinity":0,"f:4:6:4:25":0,"s:5:19:5:45":1,"s:7:4:46:Infinity":2,"b:16:60:16:69:16:69:16:77":0,"b:17:65:17:74:17:74:17:82":1,"b:23:56:23:68:23:68:23:Infinity":2,"b:30:37:30:49:30:49:30:Infinity":3}}}
,"/Users/dariapusovskaya/Desktop/react-ed/RS-react/rs-react-app/src/pages/AboutPage.tsx": {"path":"/Users/dariapusovskaya/Desktop/react-ed/RS-react/rs-react-app/src/pages/AboutPage.tsx","statementMap":{"0":{"start":{"line":1,"column":6},"end":{"line":16,"column":null}},"1":{"start":{"line":2,"column":2},"end":{"line":16,"column":null}}},"fnMap":{"0":{"name":"(anonymous_0)","decl":{"start":{"line":1,"column":6},"end":{"line":1,"column":24}},"loc":{"start":{"line":1,"column":24},"end":{"line":16,"column":null}},"line":1}},"branchMap":{},"s":{"0":1,"1":3},"f":{"0":3},"b":{},"meta":{"lastBranch":0,"lastFunction":1,"lastStatement":2,"seen":{"s:1:6:16:Infinity":0,"f:1:6:1:24":0,"s:2:2:16:Infinity":1}}}
,"/Users/dariapusovskaya/Desktop/react-ed/RS-react/rs-react-app/src/pages/HomePage.tsx": {"path":"/Users/dariapusovskaya/Desktop/react-ed/RS-react/rs-react-app/src/pages/HomePage.tsx","statementMap":{"0":{"start":{"line":12,"column":23},"end":{"line":12,"column":null}},"1":{"start":{"line":14,"column":6},"end":{"line":186,"column":null}},"2":{"start":{"line":16,"column":23},"end":{"line":16,"column":59}},"3":{"start":{"line":17,"column":10},"end":{"line":17,"column":53}},"4":{"start":{"line":18,"column":8},"end":{"line":18,"column":32}},"5":{"start":{"line":21,"column":21},"end":{"line":21,"column":50}},"6":{"start":{"line":22,"column":18},"end":{"line":22,"column":52}},"7":{"start":{"line":23,"column":18},"end":{"line":23,"column":47}},"8":{"start":{"line":24,"column":16},"end":{"line":24,"column":57}},"9":{"start":{"line":25,"column":18},"end":{"line":25,"column":47}},"10":{"start":{"line":26,"column":21},"end":{"line":26,"column":49}},"11":{"start":{"line":28,"column":22},"end":{"line":28,"column":63}},"12":{"start":{"line":29,"column":21},"end":{"line":29,"column":59}},"13":{"start":{"line":31,"column":25},"end":{"line":31,"column":null}},"14":{"start":{"line":33,"column":24},"end":{"line":51,"column":null}},"15":{"start":{"line":34,"column":4},"end":{"line":34,"column":null}},"16":{"start":{"line":35,"column":4},"end":{"line":35,"column":null}},"17":{"start":{"line":37,"column":4},"end":{"line":51,"column":null}},"18":{"start":{"line":38,"column":29},"end":{"line":42,"column":8}},"19":{"start":{"line":44,"column":6},"end":{"line":44,"column":null}},"20":{"start":{"line":45,"column":6},"end":{"line":45,"column":null}},"21":{"start":{"line":46,"column":6},"end":{"line":46,"column":null}},"22":{"start":{"line":48,"column":8},"end":{"line":48,"column":null}},"23":{"start":{"line":49,"column":8},"end":{"line":49,"column":null}},"24":{"start":{"line":50,"column":8},"end":{"line":50,"column":null}},"25":{"start":{"line":51,"column":8},"end":{"line":51,"column":null}},"26":{"start":{"line":55,"column":8},"end":{"line":61,"column":null}},"27":{"start":{"line":56,"column":24},"end":{"line":56,"column":35}},"28":{"start":{"line":57,"column":4},"end":{"line":57,"column":null}},"29":{"start":{"line":58,"column":4},"end":{"line":58,"column":null}},"30":{"start":{"line":60,"column":4},"end":{"line":60,"column":null}},"31":{"start":{"line":61,"column":4},"end":{"line":61,"column":null}},"32":{"start":{"line":64,"column":8},"end":{"line":71,"column":null}},"33":{"start":{"line":66,"column":4},"end":{"line":69,"column":null}},"34":{"start":{"line":67,"column":6},"end":{"line":67,"column":null}},"35":{"start":{"line":69,"column":6},"end":{"line":69,"column":null}},"36":{"start":{"line":71,"column":4},"end":{"line":71,"column":null}},"37":{"start":{"line":74,"column":8},"end":{"line":75,"column":null}},"38":{"start":{"line":75,"column":4},"end":{"line":75,"column":null}},"39":{"start":{"line":78,"column":8},"end":{"line":79,"column":null}},"40":{"start":{"line":79,"column":4},"end":{"line":79,"column":null}},"41":{"start":{"line":82,"column":8},"end":{"line":83,"column":null}},"42":{"start":{"line":83,"column":4},"end":{"line":83,"column":null}},"43":{"start":{"line":86,"column":2},"end":{"line":94,"column":null}},"44":{"start":{"line":87,"column":22},"end":{"line":87,"column":56}},"45":{"start":{"line":88,"column":4},"end":{"line":92,"column":null}},"46":{"start":{"line":89,"column":6},"end":{"line":89,"column":null}},"47":{"start":{"line":90,"column":6},"end":{"line":90,"column":null}},"48":{"start":{"line":92,"column":6},"end":{"line":92,"column":null}},"49":{"start":{"line":96,"column":2},"end":{"line":100,"column":null}},"50":{"start":{"line":97,"column":4},"end":{"line":98,"column":null}},"51":{"start":{"line":98,"column":6},"end":{"line":98,"column":null}},"52":{"start":{"line":103,"column":2},"end":{"line":186,"column":null}}},"fnMap":{"0":{"name":"(anonymous_0)","decl":{"start":{"line":14,"column":6},"end":{"line":14,"column":23}},"loc":{"start":{"line":14,"column":23},"end":{"line":186,"column":null}},"line":14},"1":{"name":"(anonymous_1)","decl":{"start":{"line":33,"column":24},"end":{"line":33,"column":31}},"loc":{"start":{"line":33,"column":62},"end":{"line":51,"column":null}},"line":33},"2":{"name":"(anonymous_2)","decl":{"start":{"line":55,"column":8},"end":{"line":55,"column":24}},"loc":{"start":{"line":55,"column":41},"end":{"line":61,"column":null}},"line":55},"3":{"name":"(anonymous_3)","decl":{"start":{"line":64,"column":8},"end":{"line":64,"column":28}},"loc":{"start":{"line":64,"column":48},"end":{"line":71,"column":null}},"line":64},"4":{"name":"(anonymous_4)","decl":{"start":{"line":74,"column":8},"end":{"line":74,"column":27}},"loc":{"start":{"line":74,"column":42},"end":{"line":75,"column":null}},"line":74},"5":{"name":"(anonymous_5)","decl":{"start":{"line":78,"column":8},"end":{"line":78,"column":29}},"loc":{"start":{"line":78,"column":29},"end":{"line":79,"column":null}},"line":78},"6":{"name":"(anonymous_6)","decl":{"start":{"line":82,"column":8},"end":{"line":82,"column":29}},"loc":{"start":{"line":82,"column":29},"end":{"line":83,"column":null}},"line":82},"7":{"name":"(anonymous_7)","decl":{"start":{"line":86,"column":2},"end":{"line":86,"column":18}},"loc":{"start":{"line":86,"column":18},"end":{"line":94,"column":7}},"line":86},"8":{"name":"(anonymous_8)","decl":{"start":{"line":96,"column":2},"end":{"line":96,"column":18}},"loc":{"start":{"line":96,"column":18},"end":{"line":100,"column":6}},"line":96}},"branchMap":{"0":{"loc":{"start":{"line":28,"column":31},"end":{"line":28,"column":63}},"type":"binary-expr","locations":[{"start":{"line":28,"column":31},"end":{"line":28,"column":55}},{"start":{"line":28,"column":59},"end":{"line":28,"column":63}}],"line":28},"1":{"loc":{"start":{"line":31,"column":25},"end":{"line":31,"column":null}},"type":"binary-expr","locations":[{"start":{"line":31,"column":25},"end":{"line":31,"column":35}},{"start":{"line":31,"column":35},"end":{"line":31,"column":null}}],"line":31},"2":{"loc":{"start":{"line":66,"column":4},"end":{"line":69,"column":null}},"type":"if","locations":[{"start":{"line":66,"column":4},"end":{"line":69,"column":null}},{"start":{"line":68,"column":11},"end":{"line":69,"column":null}}],"line":66},"3":{"loc":{"start":{"line":88,"column":4},"end":{"line":92,"column":null}},"type":"if","locations":[{"start":{"line":88,"column":4},"end":{"line":92,"column":null}},{"start":{"line":91,"column":11},"end":{"line":92,"column":null}}],"line":88},"4":{"loc":{"start":{"line":97,"column":4},"end":{"line":98,"column":null}},"type":"if","locations":[{"start":{"line":97,"column":4},"end":{"line":98,"column":null}},{"start":{},"end":{}}],"line":97},"5":{"loc":{"start":{"line":115,"column":29},"end":{"line":115,"column":null}},"type":"cond-expr","locations":[{"start":{"line":115,"column":46},"end":{"line":115,"column":58}},{"start":{"line":115,"column":58},"end":{"line":115,"column":null}}],"line":115},"6":{"loc":{"start":{"line":129,"column":11},"end":{"line":135,"column":null}},"type":"binary-expr","locations":[{"start":{"line":129,"column":11},"end":{"line":129,"column":23}},{"start":{"line":129,"column":23},"end":{"line":129,"column":null}},{"start":{"line":130,"column":12},"end":{"line":135,"column":null}}],"line":129},"7":{"loc":{"start":{"line":141,"column":9},"end":{"line":165,"column":null}},"type":"binary-expr","locations":[{"start":{"line":141,"column":9},"end":{"line":141,"column":null}},{"start":{"line":142,"column":10},"end":{"line":165,"column":null}}],"line":141}},"s":{"0":1,"1":1,"2":19,"3":19,"4":19,"5":19,"6":19,"7":19,"8":19,"9":19,"10":19,"11":19,"12":19,"13":19,"14":19,"15":16,"16":16,"17":16,"18":16,"19":16,"20":16,"21":16,"22":0,"23":0,"24":0,"25":0,"26":19,"27":0,"28":0,"29":0,"30":0,"31":0,"32":19,"33":0,"34":0,"35":0,"36":0,"37":19,"38":0,"39":19,"40":0,"41":19,"42":0,"43":19,"44":8,"45":8,"46":0,"47":0,"48":8,"49":19,"50":8,"51":8,"52":19},"f":{"0":19,"1":16,"2":0,"3":0,"4":0,"5":0,"6":0,"7":8,"8":8},"b":{"0":[19,19],"1":[19,19],"2":[0,0],"3":[0,8],"4":[8,0],"5":[0,19],"6":[19,11,0],"7":[19,0]},"meta":{"lastBranch":8,"lastFunction":9,"lastStatement":53,"seen":{"s:12:23:12:Infinity":0,"s:14:6:186:Infinity":1,"f:14:6:14:23":0,"s:16:23:16:59":2,"s:17:10:17:53":3,"s:18:8:18:32":4,"s:21:21:21:50":5,"s:22:18:22:52":6,"s:23:18:23:47":7,"s:24:16:24:57":8,"s:25:18:25:47":9,"s:26:21:26:49":10,"s:28:22:28:63":11,"b:28:31:28:55:28:59:28:63":0,"s:29:21:29:59":12,"s:31:25:31:Infinity":13,"b:31:25:31:35:31:35:31:Infinity":1,"s:33:24:51:Infinity":14,"f:33:24:33:31":1,"s:34:4:34:Infinity":15,"s:35:4:35:Infinity":16,"s:37:4:51:Infinity":17,"s:38:29:42:8":18,"s:44:6:44:Infinity":19,"s:45:6:45:Infinity":20,"s:46:6:46:Infinity":21,"s:48:8:48:Infinity":22,"s:49:8:49:Infinity":23,"s:50:8:50:Infinity":24,"s:51:8:51:Infinity":25,"s:55:8:61:Infinity":26,"f:55:8:55:24":2,"s:56:24:56:35":27,"s:57:4:57:Infinity":28,"s:58:4:58:Infinity":29,"s:60:4:60:Infinity":30,"s:61:4:61:Infinity":31,"s:64:8:71:Infinity":32,"f:64:8:64:28":3,"b:66:4:69:Infinity:68:11:69:Infinity":2,"s:66:4:69:Infinity":33,"s:67:6:67:Infinity":34,"s:69:6:69:Infinity":35,"s:71:4:71:Infinity":36,"s:74:8:75:Infinity":37,"f:74:8:74:27":4,"s:75:4:75:Infinity":38,"s:78:8:79:Infinity":39,"f:78:8:78:29":5,"s:79:4:79:Infinity":40,"s:82:8:83:Infinity":41,"f:82:8:82:29":6,"s:83:4:83:Infinity":42,"s:86:2:94:Infinity":43,"f:86:2:86:18":7,"s:87:22:87:56":44,"b:88:4:92:Infinity:91:11:92:Infinity":3,"s:88:4:92:Infinity":45,"s:89:6:89:Infinity":46,"s:90:6:90:Infinity":47,"s:92:6:92:Infinity":48,"s:96:2:100:Infinity":49,"f:96:2:96:18":8,"b:97:4:98:Infinity:undefined:undefined:undefined:undefined":4,"s:97:4:98:Infinity":50,"s:98:6:98:Infinity":51,"s:103:2:186:Infinity":52,"b:115:46:115:58:115:58:115:Infinity":5,"b:129:11:129:23:129:23:129:Infinity:130:12:135:Infinity":6,"b:141:9:141:Infinity:142:10:165:Infinity":7}}}
,"/Users/dariapusovskaya/Desktop/react-ed/RS-react/rs-react-app/src/pages/NotFoundPage.tsx": {"path":"/Users/dariapusovskaya/Desktop/react-ed/RS-react/rs-react-app/src/pages/NotFoundPage.tsx","statementMap":{"0":{"start":{"line":3,"column":6},"end":{"line":8,"column":null}},"1":{"start":{"line":4,"column":2},"end":{"line":8,"column":null}}},"fnMap":{"0":{"name":"(anonymous_0)","decl":{"start":{"line":3,"column":6},"end":{"line":3,"column":27}},"loc":{"start":{"line":3,"column":27},"end":{"line":8,"column":null}},"line":3}},"branchMap":{},"s":{"0":1,"1":1},"f":{"0":1},"b":{},"meta":{"lastBranch":0,"lastFunction":1,"lastStatement":2,"seen":{"s:3:6:8:Infinity":0,"f:3:6:3:27":0,"s:4:2:8:Infinity":1}}}
,"/Users/dariapusovskaya/Desktop/react-ed/RS-react/rs-react-app/src/services/api.ts": {"path":"/Users/dariapusovskaya/Desktop/react-ed/RS-react/rs-react-app/src/services/api.ts","statementMap":{"0":{"start":{"line":22,"column":10},"end":{"line":22,"column":null}},"1":{"start":{"line":26,"column":4},"end":{"line":29,"column":null}},"2":{"start":{"line":27,"column":8},"end":{"line":27,"column":null}},"3":{"start":{"line":29,"column":8},"end":{"line":29,"column":null}},"4":{"start":{"line":32,"column":25},"end":{"line":32,"column":41}},"5":{"start":{"line":33,"column":40},"end":{"line":33,"column":61}},"6":{"start":{"line":35,"column":30},"end":{"line":39,"column":11}},"7":{"start":{"line":35,"column":60},"end":{"line":39,"column":11}},"8":{"start":{"line":41,"column":8},"end":{"line":44,"column":null}}},"fnMap":{"0":{"name":"fetchItems","decl":{"start":{"line":21,"column":22},"end":{"line":21,"column":33}},"loc":{"start":{"line":21,"column":135},"end":{"line":44,"column":null}},"line":21},"1":{"name":"(anonymous_1)","decl":{"start":{"line":35,"column":44},"end":{"line":35,"column":48}},"loc":{"start":{"line":35,"column":60},"end":{"line":39,"column":11}},"line":35}},"branchMap":{"0":{"loc":{"start":{"line":21,"column":33},"end":{"line":21,"column":91}},"type":"default-arg","locations":[{"start":{"line":21,"column":89},"end":{"line":21,"column":91}}],"line":21},"1":{"loc":{"start":{"line":21,"column":47},"end":{"line":21,"column":57}},"type":"default-arg","locations":[{"start":{"line":21,"column":54},"end":{"line":21,"column":57}}],"line":21},"2":{"loc":{"start":{"line":21,"column":57},"end":{"line":21,"column":89}},"type":"default-arg","locations":[{"start":{"line":21,"column":65},"end":{"line":21,"column":89}}],"line":21},"3":{"loc":{"start":{"line":26,"column":4},"end":{"line":29,"column":null}},"type":"if","locations":[{"start":{"line":26,"column":4},"end":{"line":29,"column":null}},{"start":{"line":28,"column":15},"end":{"line":29,"column":null}}],"line":26},"4":{"loc":{"start":{"line":26,"column":8},"end":{"line":26,"column":48}},"type":"binary-expr","locations":[{"start":{"line":26,"column":8},"end":{"line":26,"column":22}},{"start":{"line":26,"column":22},"end":{"line":26,"column":48}}],"line":26}},"s":{"0":5,"1":5,"2":2,"3":3,"4":5,"5":4,"6":4,"7":3,"8":4},"f":{"0":5,"1":3},"b":{"0":[5],"1":[5],"2":[5],"3":[2,3],"4":[5,3]},"meta":{"lastBranch":5,"lastFunction":2,"lastStatement":9,"seen":{"f:21:22:21:33":0,"b:21:89:21:91":0,"b:21:54:21:57":1,"b:21:65:21:89":2,"s:22:10:22:Infinity":0,"b:26:4:29:Infinity:28:15:29:Infinity":3,"s:26:4:29:Infinity":1,"b:26:8:26:22:26:22:26:48":4,"s:27:8:27:Infinity":2,"s:29:8:29:Infinity":3,"s:32:25:32:41":4,"s:33:40:33:61":5,"s:35:30:39:11":6,"f:35:44:35:48":1,"s:35:60:39:11":7,"s:41:8:44:Infinity":8}}}
,"/Users/dariapusovskaya/Desktop/react-ed/RS-react/rs-react-app/src/services/mock/api.ts": {"path":"/Users/dariapusovskaya/Desktop/react-ed/RS-react/rs-react-app/src/services/mock/api.ts","statementMap":{"0":{"start":{"line":3,"column":26},"end":{"line":3,"column":33}}},"fnMap":{},"branchMap":{},"s":{"0":0},"f":{},"b":{},"meta":{"lastBranch":0,"lastFunction":0,"lastStatement":1,"seen":{"s:3:26:3:33":0}}}
,"/Users/dariapusovskaya/Desktop/react-ed/RS-react/rs-react-app/src/store/types.ts": {"path":"/Users/dariapusovskaya/Desktop/react-ed/RS-react/rs-react-app/src/store/types.ts","statementMap":{},"fnMap":{},"branchMap":{},"s":{},"f":{},"b":{},"meta":{"lastBranch":0,"lastFunction":0,"lastStatement":0,"seen":{}}}
,"/Users/dariapusovskaya/Desktop/react-ed/RS-react/rs-react-app/src/store/useSelectedItemsStore.ts": {"path":"/Users/dariapusovskaya/Desktop/react-ed/RS-react/rs-react-app/src/store/useSelectedItemsStore.ts","statementMap":{"0":{"start":{"line":14,"column":13},"end":{"line":52,"column":null}},"1":{"start":{"line":15,"column":19},"end":{"line":52,"column":null}},"2":{"start":{"line":18,"column":12},"end":{"line":26,"column":null}},"3":{"start":{"line":19,"column":31},"end":{"line":19,"column":59}},"4":{"start":{"line":20,"column":16},"end":{"line":23,"column":null}},"5":{"start":{"line":21,"column":20},"end":{"line":21,"column":null}},"6":{"start":{"line":23,"column":20},"end":{"line":23,"column":null}},"7":{"start":{"line":25,"column":16},"end":{"line":25,"column":null}},"8":{"start":{"line":30,"column":12},"end":{"line":32,"column":null}},"9":{"start":{"line":30,"column":23},"end":{"line":31,"column":null}},"10":{"start":{"line":36,"column":12},"end":{"line":38,"column":null}},"11":{"start":{"line":36,"column":23},"end":{"line":37,"column":null}},"12":{"start":{"line":42,"column":12},"end":{"line":42,"column":null}},"13":{"start":{"line":46,"column":12},"end":{"line":46,"column":null}},"14":{"start":{"line":50,"column":12},"end":{"line":50,"column":null}}},"fnMap":{"0":{"name":"(anonymous_0)","decl":{"start":{"line":14,"column":65},"end":{"line":14,"column":null}},"loc":{"start":{"line":15,"column":19},"end":{"line":52,"column":null}},"line":15},"1":{"name":"(anonymous_1)","decl":{"start":{"line":17,"column":8},"end":{"line":17,"column":21}},"loc":{"start":{"line":17,"column":36},"end":{"line":26,"column":null}},"line":17},"2":{"name":"(anonymous_2)","decl":{"start":{"line":18,"column":12},"end":{"line":18,"column":17}},"loc":{"start":{"line":18,"column":27},"end":{"line":26,"column":null}},"line":18},"3":{"name":"(anonymous_3)","decl":{"start":{"line":29,"column":8},"end":{"line":29,"column":20}},"loc":{"start":{"line":29,"column":38},"end":{"line":32,"column":null}},"line":29},"4":{"name":"(anonymous_4)","decl":{"start":{"line":30,"column":12},"end":{"line":30,"column":23}},"loc":{"start":{"line":30,"column":23},"end":{"line":31,"column":null}},"line":30},"5":{"name":"(anonymous_5)","decl":{"start":{"line":35,"column":8},"end":{"line":35,"column":27}},"loc":{"start":{"line":35,"column":27},"end":{"line":38,"column":null}},"line":35},"6":{"name":"(anonymous_6)","decl":{"start":{"line":36,"column":12},"end":{"line":36,"column":23}},"loc":{"start":{"line":36,"column":23},"end":{"line":37,"column":null}},"line":36},"7":{"name":"(anonymous_7)","decl":{"start":{"line":41,"column":8},"end":{"line":41,"column":21}},"loc":{"start":{"line":41,"column":36},"end":{"line":42,"column":null}},"line":41},"8":{"name":"(anonymous_8)","decl":{"start":{"line":45,"column":8},"end":{"line":45,"column":32}},"loc":{"start":{"line":45,"column":32},"end":{"line":46,"column":null}},"line":45},"9":{"name":"(anonymous_9)","decl":{"start":{"line":49,"column":8},"end":{"line":49,"column":30}},"loc":{"start":{"line":49,"column":30},"end":{"line":50,"column":null}},"line":49}},"branchMap":{"0":{"loc":{"start":{"line":20,"column":16},"end":{"line":23,"column":null}},"type":"if","locations":[{"start":{"line":20,"column":16},"end":{"line":23,"column":null}},{"start":{"line":22,"column":23},"end":{"line":23,"column":null}}],"line":20}},"s":{"0":3,"1":3,"2":4,"3":4,"4":4,"5":1,"6":3,"7":4,"8":0,"9":0,"10":1,"11":1,"12":8,"13":0,"14":2},"f":{"0":3,"1":4,"2":4,"3":0,"4":0,"5":1,"6":1,"7":8,"8":0,"9":2},"b":{"0":[1,3]},"meta":{"lastBranch":1,"lastFunction":10,"lastStatement":15,"seen":{"s:14:13:52:Infinity":0,"f:14:65:14:Infinity":0,"s:15:19:52:Infinity":1,"f:17:8:17:21":1,"s:18:12:26:Infinity":2,"f:18:12:18:17":2,"s:19:31:19:59":3,"b:20:16:23:Infinity:22:23:23:Infinity":0,"s:20:16:23:Infinity":4,"s:21:20:21:Infinity":5,"s:23:20:23:Infinity":6,"s:25:16:25:Infinity":7,"f:29:8:29:20":3,"s:30:12:32:Infinity":8,"f:30:12:30:23":4,"s:30:23:31:Infinity":9,"f:35:8:35:27":5,"s:36:12:38:Infinity":10,"f:36:12:36:23":6,"s:36:23:37:Infinity":11,"f:41:8:41:21":7,"s:42:12:42:Infinity":12,"f:45:8:45:32":8,"s:46:12:46:Infinity":13,"f:49:8:49:30":9,"s:50:12:50:Infinity":14}}}
,"/Users/dariapusovskaya/Desktop/react-ed/RS-react/rs-react-app/src/types/index.ts": {"path":"/Users/dariapusovskaya/Desktop/react-ed/RS-react/rs-react-app/src/types/index.ts","statementMap":{},"fnMap":{},"branchMap":{},"s":{},"f":{},"b":{},"meta":{"lastBranch":0,"lastFunction":0,"lastStatement":0,"seen":{}}}
}
