{"/Users/dariapusovskaya/Desktop/react-ed/RS-react/rs-react-app/src/App.tsx": {"path":"/Users/dariapusovskaya/Desktop/react-ed/RS-react/rs-react-app/src/App.tsx","statementMap":{"0":{"start":{"line":10,"column":6},"end":{"line":26,"column":null}},"1":{"start":{"line":11,"column":2},"end":{"line":26,"column":null}}},"fnMap":{"0":{"name":"(anonymous_0)","decl":{"start":{"line":10,"column":6},"end":{"line":10,"column":18}},"loc":{"start":{"line":10,"column":18},"end":{"line":26,"column":null}},"line":10}},"branchMap":{},"s":{"0":1,"1":7},"f":{"0":7},"b":{},"meta":{"lastBranch":0,"lastFunction":1,"lastStatement":2,"seen":{"s:10:6:26:Infinity":0,"f:10:6:10:18":0,"s:11:2:26:Infinity":1}}}
,"/Users/dariapusovskaya/Desktop/react-ed/RS-react/rs-react-app/src/components/Bomb/Bomb.tsx": {"path":"/Users/dariapusovskaya/Desktop/react-ed/RS-react/rs-react-app/src/components/Bomb/Bomb.tsx","statementMap":{"0":{"start":{"line":5,"column":6},"end":{"line":9,"column":null}},"1":{"start":{"line":6,"column":2},"end":{"line":7,"column":null}},"2":{"start":{"line":7,"column":4},"end":{"line":7,"column":null}},"3":{"start":{"line":9,"column":2},"end":{"line":9,"column":null}}},"fnMap":{"0":{"name":"(anonymous_0)","decl":{"start":{"line":5,"column":6},"end":{"line":5,"column":14}},"loc":{"start":{"line":5,"column":47},"end":{"line":9,"column":null}},"line":5}},"branchMap":{"0":{"loc":{"start":{"line":6,"column":2},"end":{"line":7,"column":null}},"type":"if","locations":[{"start":{"line":6,"column":2},"end":{"line":7,"column":null}},{"start":{},"end":{}}],"line":6}},"s":{"0":2,"1":25,"2":2,"3":22},"f":{"0":25},"b":{"0":[2,23]},"meta":{"lastBranch":1,"lastFunction":1,"lastStatement":4,"seen":{"s:5:6:9:Infinity":0,"f:5:6:5:14":0,"b:6:2:7:Infinity:undefined:undefined:undefined:undefined":0,"s:6:2:7:Infinity":1,"s:7:4:7:Infinity":2,"s:9:2:9:Infinity":3}}}
,"/Users/dariapusovskaya/Desktop/react-ed/RS-react/rs-react-app/src/components/ErrorBoundary/ErrorBoundary.tsx": {"path":"/Users/dariapusovskaya/Desktop/react-ed/RS-react/rs-react-app/src/components/ErrorBoundary/ErrorBoundary.tsx","statementMap":{"0":{"start":{"line":14,"column":4},"end":{"line":14,"column":null}},"1":{"start":{"line":15,"column":4},"end":{"line":18,"column":null}},"2":{"start":{"line":22,"column":4},"end":{"line":25,"column":null}},"3":{"start":{"line":29,"column":4},"end":{"line":29,"column":null}},"4":{"start":{"line":30,"column":4},"end":{"line":30,"column":null}},"5":{"start":{"line":34,"column":4},"end":{"line":50,"column":null}},"6":{"start":{"line":35,"column":6},"end":{"line":50,"column":null}},"7":{"start":{"line":56,"column":4},"end":{"line":56,"column":null}}},"fnMap":{"0":{"name":"(anonymous_0)","decl":{"start":{"line":13,"column":2},"end":{"line":13,"column":14}},"loc":{"start":{"line":13,"column":41},"end":{"line":18,"column":null}},"line":13},"1":{"name":"(anonymous_1)","decl":{"start":{"line":21,"column":9},"end":{"line":21,"column":34}},"loc":{"start":{"line":21,"column":68},"end":{"line":25,"column":null}},"line":21},"2":{"name":"(anonymous_2)","decl":{"start":{"line":28,"column":2},"end":{"line":28,"column":20}},"loc":{"start":{"line":28,"column":68},"end":{"line":30,"column":null}},"line":28},"3":{"name":"(anonymous_3)","decl":{"start":{"line":33,"column":2},"end":{"line":33,"column":11}},"loc":{"start":{"line":33,"column":11},"end":{"line":56,"column":null}},"line":33}},"branchMap":{"0":{"loc":{"start":{"line":34,"column":4},"end":{"line":50,"column":null}},"type":"if","locations":[{"start":{"line":34,"column":4},"end":{"line":50,"column":null}},{"start":{},"end":{}}],"line":34}},"s":{"0":13,"1":13,"2":4,"3":2,"4":2,"5":16,"6":4,"7":12},"f":{"0":13,"1":2,"2":2,"3":16},"b":{"0":[4,12]},"meta":{"lastBranch":1,"lastFunction":4,"lastStatement":8,"seen":{"f:13:2:13:14":0,"s:14:4:14:Infinity":0,"s:15:4:18:Infinity":1,"f:21:9:21:34":1,"s:22:4:25:Infinity":2,"f:28:2:28:20":2,"s:29:4:29:Infinity":3,"s:30:4:30:Infinity":4,"f:33:2:33:11":3,"b:34:4:50:Infinity:undefined:undefined:undefined:undefined":0,"s:34:4:50:Infinity":5,"s:35:6:50:Infinity":6,"s:56:4:56:Infinity":7}}}
,"/Users/dariapusovskaya/Desktop/react-ed/RS-react/rs-react-app/src/components/ItemDetails/ItemDetails.tsx": {"path":"/Users/dariapusovskaya/Desktop/react-ed/RS-react/rs-react-app/src/components/ItemDetails/ItemDetails.tsx","statementMap":{"0":{"start":{"line":20,"column":6},"end":{"line":106,"column":null}},"1":{"start":{"line":21,"column":12},"end":{"line":21,"column":57}},"2":{"start":{"line":23,"column":17},"end":{"line":23,"column":65}},"3":{"start":{"line":24,"column":20},"end":{"line":24,"column":49}},"4":{"start":{"line":25,"column":18},"end":{"line":25,"column":59}},"5":{"start":{"line":27,"column":4},"end":{"line":50,"column":null}},"6":{"start":{"line":28,"column":8},"end":{"line":30,"column":null}},"7":{"start":{"line":29,"column":12},"end":{"line":29,"column":null}},"8":{"start":{"line":30,"column":12},"end":{"line":30,"column":null}},"9":{"start":{"line":33,"column":33},"end":{"line":44,"column":null}},"10":{"start":{"line":34,"column":12},"end":{"line":34,"column":null}},"11":{"start":{"line":35,"column":12},"end":{"line":35,"column":null}},"12":{"start":{"line":37,"column":12},"end":{"line":44,"column":null}},"13":{"start":{"line":38,"column":33},"end":{"line":38,"column":88}},"14":{"start":{"line":39,"column":29},"end":{"line":39,"column":50}},"15":{"start":{"line":40,"column":16},"end":{"line":40,"column":null}},"16":{"start":{"line":41,"column":16},"end":{"line":41,"column":null}},"17":{"start":{"line":43,"column":16},"end":{"line":43,"column":null}},"18":{"start":{"line":44,"column":16},"end":{"line":44,"column":null}},"19":{"start":{"line":48,"column":8},"end":{"line":48,"column":null}},"20":{"start":{"line":52,"column":4},"end":{"line":53,"column":null}},"21":{"start":{"line":53,"column":8},"end":{"line":53,"column":null}},"22":{"start":{"line":56,"column":4},"end":{"line":68,"column":null}},"23":{"start":{"line":57,"column":8},"end":{"line":68,"column":null}},"24":{"start":{"line":73,"column":4},"end":{"line":77,"column":null}},"25":{"start":{"line":74,"column":8},"end":{"line":77,"column":null}},"26":{"start":{"line":81,"column":4},"end":{"line":85,"column":null}},"27":{"start":{"line":82,"column":8},"end":{"line":85,"column":null}},"28":{"start":{"line":89,"column":4},"end":{"line":106,"column":null}}},"fnMap":{"0":{"name":"(anonymous_0)","decl":{"start":{"line":20,"column":6},"end":{"line":20,"column":26}},"loc":{"start":{"line":20,"column":26},"end":{"line":106,"column":null}},"line":20},"1":{"name":"(anonymous_1)","decl":{"start":{"line":27,"column":4},"end":{"line":27,"column":20}},"loc":{"start":{"line":27,"column":20},"end":{"line":50,"column":8}},"line":27},"2":{"name":"(anonymous_2)","decl":{"start":{"line":33,"column":33},"end":{"line":33,"column":45}},"loc":{"start":{"line":33,"column":45},"end":{"line":44,"column":null}},"line":33}},"branchMap":{"0":{"loc":{"start":{"line":28,"column":8},"end":{"line":30,"column":null}},"type":"if","locations":[{"start":{"line":28,"column":8},"end":{"line":30,"column":null}},{"start":{},"end":{}}],"line":28},"1":{"loc":{"start":{"line":52,"column":4},"end":{"line":53,"column":null}},"type":"if","locations":[{"start":{"line":52,"column":4},"end":{"line":53,"column":null}},{"start":{},"end":{}}],"line":52},"2":{"loc":{"start":{"line":56,"column":4},"end":{"line":68,"column":null}},"type":"if","locations":[{"start":{"line":56,"column":4},"end":{"line":68,"column":null}},{"start":{},"end":{}}],"line":56},"3":{"loc":{"start":{"line":73,"column":4},"end":{"line":77,"column":null}},"type":"if","locations":[{"start":{"line":73,"column":4},"end":{"line":77,"column":null}},{"start":{},"end":{}}],"line":73},"4":{"loc":{"start":{"line":81,"column":4},"end":{"line":85,"column":null}},"type":"if","locations":[{"start":{"line":81,"column":4},"end":{"line":85,"column":null}},{"start":{},"end":{}}],"line":81},"5":{"loc":{"start":{"line":93,"column":17},"end":{"line":98,"column":null}},"type":"binary-expr","locations":[{"start":{"line":93,"column":17},"end":{"line":93,"column":null}},{"start":{"line":94,"column":12},"end":{"line":98,"column":null}}],"line":93}},"s":{"0":2,"1":29,"2":29,"3":29,"4":29,"5":29,"6":11,"7":2,"8":2,"9":9,"10":9,"11":9,"12":9,"13":9,"14":8,"15":8,"16":8,"17":1,"18":1,"19":9,"20":29,"21":3,"22":26,"23":9,"24":17,"25":1,"26":16,"27":9,"28":7},"f":{"0":29,"1":11,"2":9},"b":{"0":[2,9],"1":[3,26],"2":[9,17],"3":[1,16],"4":[9,7],"5":[7,6]},"meta":{"lastBranch":6,"lastFunction":3,"lastStatement":29,"seen":{"s:20:6:106:Infinity":0,"f:20:6:20:26":0,"s:21:12:21:57":1,"s:23:17:23:65":2,"s:24:20:24:49":3,"s:25:18:25:59":4,"s:27:4:50:Infinity":5,"f:27:4:27:20":1,"b:28:8:30:Infinity:undefined:undefined:undefined:undefined":0,"s:28:8:30:Infinity":6,"s:29:12:29:Infinity":7,"s:30:12:30:Infinity":8,"s:33:33:44:Infinity":9,"f:33:33:33:45":2,"s:34:12:34:Infinity":10,"s:35:12:35:Infinity":11,"s:37:12:44:Infinity":12,"s:38:33:38:88":13,"s:39:29:39:50":14,"s:40:16:40:Infinity":15,"s:41:16:41:Infinity":16,"s:43:16:43:Infinity":17,"s:44:16:44:Infinity":18,"s:48:8:48:Infinity":19,"b:52:4:53:Infinity:undefined:undefined:undefined:undefined":1,"s:52:4:53:Infinity":20,"s:53:8:53:Infinity":21,"b:56:4:68:Infinity:undefined:undefined:undefined:undefined":2,"s:56:4:68:Infinity":22,"s:57:8:68:Infinity":23,"b:73:4:77:Infinity:undefined:undefined:undefined:undefined":3,"s:73:4:77:Infinity":24,"s:74:8:77:Infinity":25,"b:81:4:85:Infinity:undefined:undefined:undefined:undefined":4,"s:81:4:85:Infinity":26,"s:82:8:85:Infinity":27,"s:89:4:106:Infinity":28,"b:93:17:93:Infinity:94:12:98:Infinity":5}}}
,"/Users/dariapusovskaya/Desktop/react-ed/RS-react/rs-react-app/src/components/Loader/Loader.tsx": {"path":"/Users/dariapusovskaya/Desktop/react-ed/RS-react/rs-react-app/src/components/Loader/Loader.tsx","statementMap":{"0":{"start":{"line":4,"column":6},"end":{"line":8,"column":null}},"1":{"start":{"line":5,"column":2},"end":{"line":8,"column":null}},"2":{"start":{"line":13,"column":15},"end":{"line":35,"column":null}},"3":{"start":{"line":37,"column":19},"end":{"line":37,"column":50}},"4":{"start":{"line":38,"column":0},"end":{"line":38,"column":null}},"5":{"start":{"line":44,"column":0},"end":{"line":44,"column":null}}},"fnMap":{"0":{"name":"(anonymous_0)","decl":{"start":{"line":4,"column":6},"end":{"line":4,"column":21}},"loc":{"start":{"line":4,"column":21},"end":{"line":8,"column":null}},"line":4}},"branchMap":{},"s":{"0":3,"1":11,"2":3,"3":3,"4":3,"5":3},"f":{"0":11},"b":{},"meta":{"lastBranch":0,"lastFunction":1,"lastStatement":6,"seen":{"s:4:6:8:Infinity":0,"f:4:6:4:21":0,"s:5:2:8:Infinity":1,"s:13:15:35:Infinity":2,"s:37:19:37:50":3,"s:38:0:38:Infinity":4,"s:44:0:44:Infinity":5}}}
,"/Users/dariapusovskaya/Desktop/react-ed/RS-react/rs-react-app/src/components/Pagination/Pagination.tsx": {"path":"/Users/dariapusovskaya/Desktop/react-ed/RS-react/rs-react-app/src/components/Pagination/Pagination.tsx","statementMap":{"0":{"start":{"line":8,"column":6},"end":{"line":94,"column":null}},"1":{"start":{"line":9,"column":2},"end":{"line":10,"column":null}},"2":{"start":{"line":10,"column":4},"end":{"line":10,"column":null}},"3":{"start":{"line":13,"column":8},"end":{"line":37,"column":null}},"4":{"start":{"line":14,"column":28},"end":{"line":14,"column":30}},"5":{"start":{"line":15,"column":23},"end":{"line":15,"column":null}},"6":{"start":{"line":17,"column":4},"end":{"line":33,"column":null}},"7":{"start":{"line":18,"column":6},"end":{"line":19,"column":null}},"8":{"start":{"line":18,"column":19},"end":{"line":18,"column":22}},"9":{"start":{"line":19,"column":8},"end":{"line":19,"column":null}},"10":{"start":{"line":22,"column":18},"end":{"line":22,"column":46}},"11":{"start":{"line":23,"column":16},"end":{"line":23,"column":53}},"12":{"start":{"line":25,"column":6},"end":{"line":26,"column":null}},"13":{"start":{"line":26,"column":8},"end":{"line":26,"column":null}},"14":{"start":{"line":28,"column":6},"end":{"line":29,"column":null}},"15":{"start":{"line":29,"column":8},"end":{"line":29,"column":null}},"16":{"start":{"line":32,"column":6},"end":{"line":33,"column":null}},"17":{"start":{"line":32,"column":19},"end":{"line":32,"column":26}},"18":{"start":{"line":33,"column":8},"end":{"line":33,"column":null}},"19":{"start":{"line":37,"column":4},"end":{"line":37,"column":null}},"20":{"start":{"line":40,"column":22},"end":{"line":40,"column":38}},"21":{"start":{"line":42,"column":2},"end":{"line":94,"column":null}},"22":{"start":{"line":51,"column":23},"end":{"line":51,"column":52}},"23":{"start":{"line":65,"column":8},"end":{"line":79,"column":null}},"24":{"start":{"line":67,"column":25},"end":{"line":67,"column":43}},"25":{"start":{"line":83,"column":23},"end":{"line":83,"column":52}}},"fnMap":{"0":{"name":"(anonymous_0)","decl":{"start":{"line":8,"column":6},"end":{"line":8,"column":20}},"loc":{"start":{"line":8,"column":94},"end":{"line":94,"column":null}},"line":8},"1":{"name":"(anonymous_1)","decl":{"start":{"line":13,"column":8},"end":{"line":13,"column":31}},"loc":{"start":{"line":13,"column":31},"end":{"line":37,"column":null}},"line":13},"2":{"name":"(anonymous_2)","decl":{"start":{"line":51,"column":8},"end":{"line":51,"column":23}},"loc":{"start":{"line":51,"column":23},"end":{"line":51,"column":52}},"line":51},"3":{"name":"(anonymous_3)","decl":{"start":{"line":64,"column":19},"end":{"line":64,"column":23}},"loc":{"start":{"line":65,"column":8},"end":{"line":79,"column":null}},"line":65},"4":{"name":"(anonymous_4)","decl":{"start":{"line":67,"column":10},"end":{"line":67,"column":25}},"loc":{"start":{"line":67,"column":25},"end":{"line":67,"column":43}},"line":67},"5":{"name":"(anonymous_5)","decl":{"start":{"line":83,"column":8},"end":{"line":83,"column":23}},"loc":{"start":{"line":83,"column":23},"end":{"line":83,"column":52}},"line":83}},"branchMap":{"0":{"loc":{"start":{"line":9,"column":2},"end":{"line":10,"column":null}},"type":"if","locations":[{"start":{"line":9,"column":2},"end":{"line":10,"column":null}},{"start":{},"end":{}}],"line":9},"1":{"loc":{"start":{"line":9,"column":6},"end":{"line":9,"column":36}},"type":"binary-expr","locations":[{"start":{"line":9,"column":6},"end":{"line":9,"column":19}},{"start":{"line":9,"column":19},"end":{"line":9,"column":36}}],"line":9},"2":{"loc":{"start":{"line":17,"column":4},"end":{"line":33,"column":null}},"type":"if","locations":[{"start":{"line":17,"column":4},"end":{"line":33,"column":null}},{"start":{"line":21,"column":11},"end":{"line":33,"column":null}}],"line":17},"3":{"loc":{"start":{"line":25,"column":6},"end":{"line":26,"column":null}},"type":"if","locations":[{"start":{"line":25,"column":6},"end":{"line":26,"column":null}},{"start":{},"end":{}}],"line":25},"4":{"loc":{"start":{"line":28,"column":6},"end":{"line":29,"column":null}},"type":"if","locations":[{"start":{"line":28,"column":6},"end":{"line":29,"column":null}},{"start":{},"end":{}}],"line":28},"5":{"loc":{"start":{"line":57,"column":27},"end":{"line":57,"column":null}},"type":"cond-expr","locations":[{"start":{"line":57,"column":47},"end":{"line":57,"column":59}},{"start":{"line":57,"column":59},"end":{"line":57,"column":null}}],"line":57},"6":{"loc":{"start":{"line":58,"column":18},"end":{"line":58,"column":null}},"type":"cond-expr","locations":[{"start":{"line":58,"column":38},"end":{"line":58,"column":54}},{"start":{"line":58,"column":54},"end":{"line":58,"column":null}}],"line":58},"7":{"loc":{"start":{"line":72,"column":29},"end":{"line":72,"column":null}},"type":"cond-expr","locations":[{"start":{"line":72,"column":52},"end":{"line":72,"column":64}},{"start":{"line":72,"column":64},"end":{"line":72,"column":null}}],"line":72},"8":{"loc":{"start":{"line":73,"column":19},"end":{"line":73,"column":null}},"type":"cond-expr","locations":[{"start":{"line":73,"column":42},"end":{"line":73,"column":54}},{"start":{"line":73,"column":54},"end":{"line":73,"column":null}}],"line":73},"9":{"loc":{"start":{"line":74,"column":24},"end":{"line":74,"column":null}},"type":"cond-expr","locations":[{"start":{"line":74,"column":47},"end":{"line":74,"column":56}},{"start":{"line":74,"column":56},"end":{"line":74,"column":null}}],"line":74},"10":{"loc":{"start":{"line":89,"column":27},"end":{"line":89,"column":null}},"type":"cond-expr","locations":[{"start":{"line":89,"column":56},"end":{"line":89,"column":68}},{"start":{"line":89,"column":68},"end":{"line":89,"column":null}}],"line":89},"11":{"loc":{"start":{"line":90,"column":18},"end":{"line":90,"column":null}},"type":"cond-expr","locations":[{"start":{"line":90,"column":47},"end":{"line":90,"column":63}},{"start":{"line":90,"column":63},"end":{"line":90,"column":null}}],"line":90}},"s":{"0":2,"1":15,"2":2,"3":13,"4":13,"5":13,"6":13,"7":4,"8":4,"9":18,"10":9,"11":9,"12":9,"13":6,"14":9,"15":2,"16":9,"17":9,"18":45,"19":13,"20":13,"21":13,"22":1,"23":63,"24":1,"25":1},"f":{"0":15,"1":13,"2":1,"3":63,"4":1,"5":1},"b":{"0":[2,13],"1":[15,14],"2":[4,9],"3":[6,3],"4":[2,7],"5":[3,10],"6":[3,10],"7":[13,50],"8":[13,50],"9":[13,50],"10":[2,11],"11":[2,11]},"meta":{"lastBranch":12,"lastFunction":6,"lastStatement":26,"seen":{"s:8:6:94:Infinity":0,"f:8:6:8:20":0,"b:9:2:10:Infinity:undefined:undefined:undefined:undefined":0,"s:9:2:10:Infinity":1,"b:9:6:9:19:9:19:9:36":1,"s:10:4:10:Infinity":2,"s:13:8:37:Infinity":3,"f:13:8:13:31":1,"s:14:28:14:30":4,"s:15:23:15:Infinity":5,"b:17:4:33:Infinity:21:11:33:Infinity":2,"s:17:4:33:Infinity":6,"s:18:6:19:Infinity":7,"s:18:19:18:22":8,"s:19:8:19:Infinity":9,"s:22:18:22:46":10,"s:23:16:23:53":11,"b:25:6:26:Infinity:undefined:undefined:undefined:undefined":3,"s:25:6:26:Infinity":12,"s:26:8:26:Infinity":13,"b:28:6:29:Infinity:undefined:undefined:undefined:undefined":4,"s:28:6:29:Infinity":14,"s:29:8:29:Infinity":15,"s:32:6:33:Infinity":16,"s:32:19:32:26":17,"s:33:8:33:Infinity":18,"s:37:4:37:Infinity":19,"s:40:22:40:38":20,"s:42:2:94:Infinity":21,"f:51:8:51:23":2,"s:51:23:51:52":22,"b:57:47:57:59:57:59:57:Infinity":5,"b:58:38:58:54:58:54:58:Infinity":6,"f:64:19:64:23":3,"s:65:8:79:Infinity":23,"f:67:10:67:25":4,"s:67:25:67:43":24,"b:72:52:72:64:72:64:72:Infinity":7,"b:73:42:73:54:73:54:73:Infinity":8,"b:74:47:74:56:74:56:74:Infinity":9,"f:83:8:83:23":5,"s:83:23:83:52":25,"b:89:56:89:68:89:68:89:Infinity":10,"b:90:47:90:63:90:63:90:Infinity":11}}}
,"/Users/dariapusovskaya/Desktop/react-ed/RS-react/rs-react-app/src/components/Results/Card.tsx": {"path":"/Users/dariapusovskaya/Desktop/react-ed/RS-react/rs-react-app/src/components/Results/Card.tsx","statementMap":{"0":{"start":{"line":4,"column":6},"end":{"line":14,"column":null}},"1":{"start":{"line":5,"column":2},"end":{"line":14,"column":null}}},"fnMap":{"0":{"name":"(anonymous_0)","decl":{"start":{"line":4,"column":6},"end":{"line":4,"column":14}},"loc":{"start":{"line":4,"column":38},"end":{"line":14,"column":null}},"line":4}},"branchMap":{},"s":{"0":4,"1":7},"f":{"0":7},"b":{},"meta":{"lastBranch":0,"lastFunction":1,"lastStatement":2,"seen":{"s:4:6:14:Infinity":0,"f:4:6:4:14":0,"s:5:2:14:Infinity":1}}}
,"/Users/dariapusovskaya/Desktop/react-ed/RS-react/rs-react-app/src/components/Results/CardList.tsx": {"path":"/Users/dariapusovskaya/Desktop/react-ed/RS-react/rs-react-app/src/components/Results/CardList.tsx","statementMap":{"0":{"start":{"line":10,"column":6},"end":{"line":31,"column":null}},"1":{"start":{"line":11,"column":2},"end":{"line":12,"column":null}},"2":{"start":{"line":12,"column":5},"end":{"line":12,"column":null}},"3":{"start":{"line":15,"column":2},"end":{"line":31,"column":null}},"4":{"start":{"line":18,"column":8},"end":{"line":29,"column":null}},"5":{"start":{"line":20,"column":25},"end":{"line":20,"column":47}}},"fnMap":{"0":{"name":"(anonymous_0)","decl":{"start":{"line":10,"column":6},"end":{"line":10,"column":18}},"loc":{"start":{"line":10,"column":76},"end":{"line":31,"column":null}},"line":10},"1":{"name":"(anonymous_1)","decl":{"start":{"line":17,"column":13},"end":{"line":17,"column":17}},"loc":{"start":{"line":18,"column":8},"end":{"line":29,"column":null}},"line":18},"2":{"name":"(anonymous_2)","decl":{"start":{"line":20,"column":10},"end":{"line":20,"column":25}},"loc":{"start":{"line":20,"column":25},"end":{"line":20,"column":47}},"line":20}},"branchMap":{"0":{"loc":{"start":{"line":11,"column":2},"end":{"line":12,"column":null}},"type":"if","locations":[{"start":{"line":11,"column":2},"end":{"line":12,"column":null}},{"start":{},"end":{}}],"line":11},"1":{"loc":{"start":{"line":11,"column":6},"end":{"line":11,"column":61}},"type":"binary-expr","locations":[{"start":{"line":11,"column":6},"end":{"line":11,"column":16}},{"start":{"line":11,"column":16},"end":{"line":11,"column":37}},{"start":{"line":11,"column":41},"end":{"line":11,"column":61}}],"line":11},"2":{"loc":{"start":{"line":22,"column":20},"end":{"line":22,"column":null}},"type":"cond-expr","locations":[{"start":{"line":22,"column":34},"end":{"line":22,"column":46}},{"start":{"line":22,"column":46},"end":{"line":22,"column":null}}],"line":22},"3":{"loc":{"start":{"line":23,"column":29},"end":{"line":23,"column":null}},"type":"cond-expr","locations":[{"start":{"line":23,"column":66},"end":{"line":23,"column":78}},{"start":{"line":23,"column":78},"end":{"line":23,"column":null}}],"line":23}},"s":{"0":3,"1":17,"2":15,"3":2,"4":5,"5":0},"f":{"0":17,"1":5,"2":0},"b":{"0":[15,2],"1":[17,16,16],"2":[0,5],"3":[0,5]},"meta":{"lastBranch":4,"lastFunction":3,"lastStatement":6,"seen":{"s:10:6:31:Infinity":0,"f:10:6:10:18":0,"b:11:2:12:Infinity:undefined:undefined:undefined:undefined":0,"s:11:2:12:Infinity":1,"b:11:6:11:16:11:16:11:37:11:41:11:61":1,"s:12:5:12:Infinity":2,"s:15:2:31:Infinity":3,"f:17:13:17:17":1,"s:18:8:29:Infinity":4,"f:20:10:20:25":2,"s:20:25:20:47":5,"b:22:34:22:46:22:46:22:Infinity":2,"b:23:66:23:78:23:78:23:Infinity":3}}}
,"/Users/dariapusovskaya/Desktop/react-ed/RS-react/rs-react-app/src/components/Results/Results.tsx": {"path":"/Users/dariapusovskaya/Desktop/react-ed/RS-react/rs-react-app/src/components/Results/Results.tsx","statementMap":{"0":{"start":{"line":14,"column":6},"end":{"line":30,"column":null}},"1":{"start":{"line":15,"column":2},"end":{"line":16,"column":null}},"2":{"start":{"line":16,"column":6},"end":{"line":16,"column":null}},"3":{"start":{"line":19,"column":2},"end":{"line":20,"column":null}},"4":{"start":{"line":20,"column":6},"end":{"line":20,"column":null}},"5":{"start":{"line":23,"column":16},"end":{"line":23,"column":53}},"6":{"start":{"line":25,"column":2},"end":{"line":30,"column":null}}},"fnMap":{"0":{"name":"(anonymous_0)","decl":{"start":{"line":14,"column":6},"end":{"line":14,"column":17}},"loc":{"start":{"line":14,"column":100},"end":{"line":30,"column":null}},"line":14}},"branchMap":{"0":{"loc":{"start":{"line":15,"column":2},"end":{"line":16,"column":null}},"type":"if","locations":[{"start":{"line":15,"column":2},"end":{"line":16,"column":null}},{"start":{},"end":{}}],"line":15},"1":{"loc":{"start":{"line":19,"column":2},"end":{"line":20,"column":null}},"type":"if","locations":[{"start":{"line":19,"column":2},"end":{"line":20,"column":null}},{"start":{},"end":{}}],"line":19},"2":{"loc":{"start":{"line":23,"column":16},"end":{"line":23,"column":53}},"type":"cond-expr","locations":[{"start":{"line":23,"column":41},"end":{"line":23,"column":51}},{"start":{"line":23,"column":51},"end":{"line":23,"column":53}}],"line":23}},"s":{"0":2,"1":25,"2":9,"3":16,"4":2,"5":14,"6":25},"f":{"0":25},"b":{"0":[9,16],"1":[2,14],"2":[8,6]},"meta":{"lastBranch":3,"lastFunction":1,"lastStatement":7,"seen":{"s:14:6:30:Infinity":0,"f:14:6:14:17":0,"b:15:2:16:Infinity:undefined:undefined:undefined:undefined":0,"s:15:2:16:Infinity":1,"s:16:6:16:Infinity":2,"b:19:2:20:Infinity:undefined:undefined:undefined:undefined":1,"s:19:2:20:Infinity":3,"s:20:6:20:Infinity":4,"s:23:16:23:53":5,"b:23:41:23:51:23:51:23:53":2,"s:25:2:30:Infinity":6}}}
,"/Users/dariapusovskaya/Desktop/react-ed/RS-react/rs-react-app/src/components/Search/Search.tsx": {"path":"/Users/dariapusovskaya/Desktop/react-ed/RS-react/rs-react-app/src/components/Search/Search.tsx","statementMap":{"0":{"start":{"line":10,"column":13},"end":{"line":33,"column":null}},"1":{"start":{"line":11,"column":21},"end":{"line":11,"column":64}},"2":{"start":{"line":13,"column":2},"end":{"line":15,"column":null}},"3":{"start":{"line":14,"column":4},"end":{"line":14,"column":null}},"4":{"start":{"line":17,"column":8},"end":{"line":19,"column":null}},"5":{"start":{"line":18,"column":25},"end":{"line":18,"column":42}},"6":{"start":{"line":19,"column":4},"end":{"line":19,"column":null}},"7":{"start":{"line":22,"column":2},"end":{"line":33,"column":null}},"8":{"start":{"line":27,"column":25},"end":{"line":27,"column":54}}},"fnMap":{"0":{"name":"(anonymous_0)","decl":{"start":{"line":10,"column":13},"end":{"line":10,"column":23}},"loc":{"start":{"line":10,"column":76},"end":{"line":33,"column":null}},"line":10},"1":{"name":"(anonymous_1)","decl":{"start":{"line":13,"column":2},"end":{"line":13,"column":18}},"loc":{"start":{"line":13,"column":18},"end":{"line":15,"column":6}},"line":13},"2":{"name":"(anonymous_2)","decl":{"start":{"line":17,"column":8},"end":{"line":17,"column":34}},"loc":{"start":{"line":17,"column":34},"end":{"line":19,"column":null}},"line":17},"3":{"name":"(anonymous_3)","decl":{"start":{"line":27,"column":8},"end":{"line":27,"column":19}},"loc":{"start":{"line":27,"column":25},"end":{"line":27,"column":54}},"line":27}},"branchMap":{"0":{"loc":{"start":{"line":11,"column":47},"end":{"line":11,"column":64}},"type":"binary-expr","locations":[{"start":{"line":11,"column":47},"end":{"line":11,"column":61}},{"start":{"line":11,"column":61},"end":{"line":11,"column":64}}],"line":11}},"s":{"0":2,"1":87,"2":87,"3":20,"4":87,"5":4,"6":4,"7":87,"8":46},"f":{"0":87,"1":20,"2":4,"3":46},"b":{"0":[87,76]},"meta":{"lastBranch":1,"lastFunction":4,"lastStatement":9,"seen":{"s:10:13:33:Infinity":0,"f:10:13:10:23":0,"s:11:21:11:64":1,"b:11:47:11:61:11:61:11:64":0,"s:13:2:15:Infinity":2,"f:13:2:13:18":1,"s:14:4:14:Infinity":3,"s:17:8:19:Infinity":4,"f:17:8:17:34":2,"s:18:25:18:42":5,"s:19:4:19:Infinity":6,"s:22:2:33:Infinity":7,"f:27:8:27:19":3,"s:27:25:27:54":8}}}
,"/Users/dariapusovskaya/Desktop/react-ed/RS-react/rs-react-app/src/hooks/useLocalStorage.ts": {"path":"/Users/dariapusovskaya/Desktop/react-ed/RS-react/rs-react-app/src/hooks/useLocalStorage.ts","statementMap":{"0":{"start":{"line":4,"column":13},"end":{"line":23,"column":null}},"1":{"start":{"line":5,"column":22},"end":{"line":12,"column":null}},"2":{"start":{"line":6,"column":4},"end":{"line":10,"column":null}},"3":{"start":{"line":7,"column":19},"end":{"line":7,"column":44}},"4":{"start":{"line":8,"column":6},"end":{"line":8,"column":null}},"5":{"start":{"line":10,"column":6},"end":{"line":10,"column":null}},"6":{"start":{"line":14,"column":8},"end":{"line":19,"column":null}},"7":{"start":{"line":15,"column":4},"end":{"line":19,"column":null}},"8":{"start":{"line":16,"column":6},"end":{"line":16,"column":null}},"9":{"start":{"line":17,"column":6},"end":{"line":17,"column":null}},"10":{"start":{"line":19,"column":6},"end":{"line":19,"column":null}},"11":{"start":{"line":23,"column":2},"end":{"line":23,"column":null}}},"fnMap":{"0":{"name":"(anonymous_0)","decl":{"start":{"line":4,"column":13},"end":{"line":4,"column":36}},"loc":{"start":{"line":4,"column":94},"end":{"line":23,"column":null}},"line":4},"1":{"name":"(anonymous_1)","decl":{"start":{"line":5,"column":40},"end":{"line":5,"column":58}},"loc":{"start":{"line":5,"column":58},"end":{"line":12,"column":null}},"line":5},"2":{"name":"(anonymous_2)","decl":{"start":{"line":14,"column":8},"end":{"line":14,"column":20}},"loc":{"start":{"line":14,"column":33},"end":{"line":19,"column":null}},"line":14}},"branchMap":{"0":{"loc":{"start":{"line":8,"column":13},"end":{"line":8,"column":null}},"type":"cond-expr","locations":[{"start":{"line":8,"column":20},"end":{"line":8,"column":36}},{"start":{"line":8,"column":39},"end":{"line":8,"column":null}}],"line":8}},"s":{"0":1,"1":16,"2":10,"3":10,"4":10,"5":1,"6":16,"7":6,"8":6,"9":6,"10":1,"11":16},"f":{"0":16,"1":10,"2":6},"b":{"0":[3,7]},"meta":{"lastBranch":1,"lastFunction":3,"lastStatement":12,"seen":{"s:4:13:23:Infinity":0,"f:4:13:4:36":0,"s:5:22:12:Infinity":1,"f:5:40:5:58":1,"s:6:4:10:Infinity":2,"s:7:19:7:44":3,"s:8:6:8:Infinity":4,"b:8:20:8:36:8:39:8:Infinity":0,"s:10:6:10:Infinity":5,"s:14:8:19:Infinity":6,"f:14:8:14:20":2,"s:15:4:19:Infinity":7,"s:16:6:16:Infinity":8,"s:17:6:17:Infinity":9,"s:19:6:19:Infinity":10,"s:23:2:23:Infinity":11}}}
,"/Users/dariapusovskaya/Desktop/react-ed/RS-react/rs-react-app/src/layouts/RootLayout.tsx": {"path":"/Users/dariapusovskaya/Desktop/react-ed/RS-react/rs-react-app/src/layouts/RootLayout.tsx","statementMap":{"0":{"start":{"line":3,"column":6},"end":{"line":29,"column":null}},"1":{"start":{"line":4,"column":4},"end":{"line":29,"column":null}}},"fnMap":{"0":{"name":"(anonymous_0)","decl":{"start":{"line":3,"column":6},"end":{"line":3,"column":25}},"loc":{"start":{"line":3,"column":25},"end":{"line":29,"column":null}},"line":3}},"branchMap":{},"s":{"0":1,"1":7},"f":{"0":7},"b":{},"meta":{"lastBranch":0,"lastFunction":1,"lastStatement":2,"seen":{"s:3:6:29:Infinity":0,"f:3:6:3:25":0,"s:4:4:29:Infinity":1}}}
,"/Users/dariapusovskaya/Desktop/react-ed/RS-react/rs-react-app/src/pages/AboutPage.tsx": {"path":"/Users/dariapusovskaya/Desktop/react-ed/RS-react/rs-react-app/src/pages/AboutPage.tsx","statementMap":{"0":{"start":{"line":1,"column":6},"end":{"line":16,"column":null}},"1":{"start":{"line":2,"column":2},"end":{"line":16,"column":null}}},"fnMap":{"0":{"name":"(anonymous_0)","decl":{"start":{"line":1,"column":6},"end":{"line":1,"column":24}},"loc":{"start":{"line":1,"column":24},"end":{"line":16,"column":null}},"line":1}},"branchMap":{},"s":{"0":1,"1":1},"f":{"0":1},"b":{},"meta":{"lastBranch":0,"lastFunction":1,"lastStatement":2,"seen":{"s:1:6:16:Infinity":0,"f:1:6:1:24":0,"s:2:2:16:Infinity":1}}}
,"/Users/dariapusovskaya/Desktop/react-ed/RS-react/rs-react-app/src/pages/HomePage.tsx": {"path":"/Users/dariapusovskaya/Desktop/react-ed/RS-react/rs-react-app/src/pages/HomePage.tsx","statementMap":{"0":{"start":{"line":11,"column":23},"end":{"line":11,"column":null}},"1":{"start":{"line":13,"column":6},"end":{"line":184,"column":null}},"2":{"start":{"line":15,"column":23},"end":{"line":15,"column":59}},"3":{"start":{"line":16,"column":10},"end":{"line":16,"column":53}},"4":{"start":{"line":17,"column":8},"end":{"line":17,"column":32}},"5":{"start":{"line":20,"column":21},"end":{"line":20,"column":50}},"6":{"start":{"line":21,"column":18},"end":{"line":21,"column":52}},"7":{"start":{"line":22,"column":18},"end":{"line":22,"column":47}},"8":{"start":{"line":23,"column":16},"end":{"line":23,"column":57}},"9":{"start":{"line":24,"column":18},"end":{"line":24,"column":47}},"10":{"start":{"line":25,"column":21},"end":{"line":25,"column":49}},"11":{"start":{"line":27,"column":22},"end":{"line":27,"column":63}},"12":{"start":{"line":28,"column":21},"end":{"line":28,"column":59}},"13":{"start":{"line":30,"column":25},"end":{"line":30,"column":null}},"14":{"start":{"line":32,"column":24},"end":{"line":50,"column":null}},"15":{"start":{"line":33,"column":4},"end":{"line":33,"column":null}},"16":{"start":{"line":34,"column":4},"end":{"line":34,"column":null}},"17":{"start":{"line":36,"column":4},"end":{"line":50,"column":null}},"18":{"start":{"line":37,"column":29},"end":{"line":41,"column":8}},"19":{"start":{"line":43,"column":6},"end":{"line":43,"column":null}},"20":{"start":{"line":44,"column":6},"end":{"line":44,"column":null}},"21":{"start":{"line":45,"column":6},"end":{"line":45,"column":null}},"22":{"start":{"line":47,"column":8},"end":{"line":47,"column":null}},"23":{"start":{"line":48,"column":8},"end":{"line":48,"column":null}},"24":{"start":{"line":49,"column":8},"end":{"line":49,"column":null}},"25":{"start":{"line":50,"column":8},"end":{"line":50,"column":null}},"26":{"start":{"line":54,"column":8},"end":{"line":60,"column":null}},"27":{"start":{"line":55,"column":24},"end":{"line":55,"column":35}},"28":{"start":{"line":56,"column":4},"end":{"line":56,"column":null}},"29":{"start":{"line":57,"column":4},"end":{"line":57,"column":null}},"30":{"start":{"line":59,"column":4},"end":{"line":59,"column":null}},"31":{"start":{"line":60,"column":4},"end":{"line":60,"column":null}},"32":{"start":{"line":63,"column":8},"end":{"line":70,"column":null}},"33":{"start":{"line":65,"column":4},"end":{"line":68,"column":null}},"34":{"start":{"line":66,"column":6},"end":{"line":66,"column":null}},"35":{"start":{"line":68,"column":6},"end":{"line":68,"column":null}},"36":{"start":{"line":70,"column":4},"end":{"line":70,"column":null}},"37":{"start":{"line":73,"column":8},"end":{"line":74,"column":null}},"38":{"start":{"line":74,"column":4},"end":{"line":74,"column":null}},"39":{"start":{"line":77,"column":8},"end":{"line":78,"column":null}},"40":{"start":{"line":78,"column":4},"end":{"line":78,"column":null}},"41":{"start":{"line":81,"column":8},"end":{"line":82,"column":null}},"42":{"start":{"line":82,"column":4},"end":{"line":82,"column":null}},"43":{"start":{"line":85,"column":2},"end":{"line":93,"column":null}},"44":{"start":{"line":86,"column":22},"end":{"line":86,"column":56}},"45":{"start":{"line":87,"column":4},"end":{"line":91,"column":null}},"46":{"start":{"line":88,"column":6},"end":{"line":88,"column":null}},"47":{"start":{"line":89,"column":6},"end":{"line":89,"column":null}},"48":{"start":{"line":91,"column":6},"end":{"line":91,"column":null}},"49":{"start":{"line":95,"column":2},"end":{"line":99,"column":null}},"50":{"start":{"line":96,"column":4},"end":{"line":97,"column":null}},"51":{"start":{"line":97,"column":6},"end":{"line":97,"column":null}},"52":{"start":{"line":102,"column":2},"end":{"line":184,"column":null}}},"fnMap":{"0":{"name":"(anonymous_0)","decl":{"start":{"line":13,"column":6},"end":{"line":13,"column":23}},"loc":{"start":{"line":13,"column":23},"end":{"line":184,"column":null}},"line":13},"1":{"name":"(anonymous_1)","decl":{"start":{"line":32,"column":24},"end":{"line":32,"column":31}},"loc":{"start":{"line":32,"column":62},"end":{"line":50,"column":null}},"line":32},"2":{"name":"(anonymous_2)","decl":{"start":{"line":54,"column":8},"end":{"line":54,"column":24}},"loc":{"start":{"line":54,"column":41},"end":{"line":60,"column":null}},"line":54},"3":{"name":"(anonymous_3)","decl":{"start":{"line":63,"column":8},"end":{"line":63,"column":28}},"loc":{"start":{"line":63,"column":48},"end":{"line":70,"column":null}},"line":63},"4":{"name":"(anonymous_4)","decl":{"start":{"line":73,"column":8},"end":{"line":73,"column":27}},"loc":{"start":{"line":73,"column":42},"end":{"line":74,"column":null}},"line":73},"5":{"name":"(anonymous_5)","decl":{"start":{"line":77,"column":8},"end":{"line":77,"column":29}},"loc":{"start":{"line":77,"column":29},"end":{"line":78,"column":null}},"line":77},"6":{"name":"(anonymous_6)","decl":{"start":{"line":81,"column":8},"end":{"line":81,"column":29}},"loc":{"start":{"line":81,"column":29},"end":{"line":82,"column":null}},"line":81},"7":{"name":"(anonymous_7)","decl":{"start":{"line":85,"column":2},"end":{"line":85,"column":18}},"loc":{"start":{"line":85,"column":18},"end":{"line":93,"column":7}},"line":85},"8":{"name":"(anonymous_8)","decl":{"start":{"line":95,"column":2},"end":{"line":95,"column":18}},"loc":{"start":{"line":95,"column":18},"end":{"line":99,"column":6}},"line":95}},"branchMap":{"0":{"loc":{"start":{"line":27,"column":31},"end":{"line":27,"column":63}},"type":"binary-expr","locations":[{"start":{"line":27,"column":31},"end":{"line":27,"column":55}},{"start":{"line":27,"column":59},"end":{"line":27,"column":63}}],"line":27},"1":{"loc":{"start":{"line":30,"column":25},"end":{"line":30,"column":null}},"type":"binary-expr","locations":[{"start":{"line":30,"column":25},"end":{"line":30,"column":35}},{"start":{"line":30,"column":35},"end":{"line":30,"column":null}}],"line":30},"2":{"loc":{"start":{"line":65,"column":4},"end":{"line":68,"column":null}},"type":"if","locations":[{"start":{"line":65,"column":4},"end":{"line":68,"column":null}},{"start":{"line":67,"column":11},"end":{"line":68,"column":null}}],"line":65},"3":{"loc":{"start":{"line":87,"column":4},"end":{"line":91,"column":null}},"type":"if","locations":[{"start":{"line":87,"column":4},"end":{"line":91,"column":null}},{"start":{"line":90,"column":11},"end":{"line":91,"column":null}}],"line":87},"4":{"loc":{"start":{"line":96,"column":4},"end":{"line":97,"column":null}},"type":"if","locations":[{"start":{"line":96,"column":4},"end":{"line":97,"column":null}},{"start":{},"end":{}}],"line":96},"5":{"loc":{"start":{"line":114,"column":29},"end":{"line":114,"column":null}},"type":"cond-expr","locations":[{"start":{"line":114,"column":46},"end":{"line":114,"column":58}},{"start":{"line":114,"column":58},"end":{"line":114,"column":null}}],"line":114},"6":{"loc":{"start":{"line":128,"column":11},"end":{"line":136,"column":null}},"type":"binary-expr","locations":[{"start":{"line":128,"column":11},"end":{"line":128,"column":23}},{"start":{"line":128,"column":23},"end":{"line":128,"column":null}},{"start":{"line":129,"column":12},"end":{"line":136,"column":null}}],"line":128},"7":{"loc":{"start":{"line":139,"column":9},"end":{"line":163,"column":null}},"type":"binary-expr","locations":[{"start":{"line":139,"column":9},"end":{"line":139,"column":null}},{"start":{"line":140,"column":10},"end":{"line":163,"column":null}}],"line":139}},"s":{"0":1,"1":1,"2":21,"3":21,"4":21,"5":21,"6":21,"7":21,"8":21,"9":21,"10":21,"11":21,"12":21,"13":21,"14":21,"15":13,"16":13,"17":13,"18":13,"19":11,"20":11,"21":11,"22":2,"23":2,"24":2,"25":2,"26":21,"27":1,"28":1,"29":1,"30":1,"31":1,"32":21,"33":0,"34":0,"35":0,"36":0,"37":21,"38":0,"39":21,"40":0,"41":21,"42":0,"43":21,"44":6,"45":6,"46":1,"47":1,"48":5,"49":21,"50":6,"51":6,"52":21},"f":{"0":21,"1":13,"2":1,"3":0,"4":0,"5":0,"6":0,"7":6,"8":6},"b":{"0":[21,19],"1":[21,21],"2":[0,0],"3":[1,5],"4":[6,0],"5":[0,21],"6":[21,13,0],"7":[21,0]},"meta":{"lastBranch":8,"lastFunction":9,"lastStatement":53,"seen":{"s:11:23:11:Infinity":0,"s:13:6:184:Infinity":1,"f:13:6:13:23":0,"s:15:23:15:59":2,"s:16:10:16:53":3,"s:17:8:17:32":4,"s:20:21:20:50":5,"s:21:18:21:52":6,"s:22:18:22:47":7,"s:23:16:23:57":8,"s:24:18:24:47":9,"s:25:21:25:49":10,"s:27:22:27:63":11,"b:27:31:27:55:27:59:27:63":0,"s:28:21:28:59":12,"s:30:25:30:Infinity":13,"b:30:25:30:35:30:35:30:Infinity":1,"s:32:24:50:Infinity":14,"f:32:24:32:31":1,"s:33:4:33:Infinity":15,"s:34:4:34:Infinity":16,"s:36:4:50:Infinity":17,"s:37:29:41:8":18,"s:43:6:43:Infinity":19,"s:44:6:44:Infinity":20,"s:45:6:45:Infinity":21,"s:47:8:47:Infinity":22,"s:48:8:48:Infinity":23,"s:49:8:49:Infinity":24,"s:50:8:50:Infinity":25,"s:54:8:60:Infinity":26,"f:54:8:54:24":2,"s:55:24:55:35":27,"s:56:4:56:Infinity":28,"s:57:4:57:Infinity":29,"s:59:4:59:Infinity":30,"s:60:4:60:Infinity":31,"s:63:8:70:Infinity":32,"f:63:8:63:28":3,"b:65:4:68:Infinity:67:11:68:Infinity":2,"s:65:4:68:Infinity":33,"s:66:6:66:Infinity":34,"s:68:6:68:Infinity":35,"s:70:4:70:Infinity":36,"s:73:8:74:Infinity":37,"f:73:8:73:27":4,"s:74:4:74:Infinity":38,"s:77:8:78:Infinity":39,"f:77:8:77:29":5,"s:78:4:78:Infinity":40,"s:81:8:82:Infinity":41,"f:81:8:81:29":6,"s:82:4:82:Infinity":42,"s:85:2:93:Infinity":43,"f:85:2:85:18":7,"s:86:22:86:56":44,"b:87:4:91:Infinity:90:11:91:Infinity":3,"s:87:4:91:Infinity":45,"s:88:6:88:Infinity":46,"s:89:6:89:Infinity":47,"s:91:6:91:Infinity":48,"s:95:2:99:Infinity":49,"f:95:2:95:18":8,"b:96:4:97:Infinity:undefined:undefined:undefined:undefined":4,"s:96:4:97:Infinity":50,"s:97:6:97:Infinity":51,"s:102:2:184:Infinity":52,"b:114:46:114:58:114:58:114:Infinity":5,"b:128:11:128:23:128:23:128:Infinity:129:12:136:Infinity":6,"b:139:9:139:Infinity:140:10:163:Infinity":7}}}
,"/Users/dariapusovskaya/Desktop/react-ed/RS-react/rs-react-app/src/pages/NotFoundPage.tsx": {"path":"/Users/dariapusovskaya/Desktop/react-ed/RS-react/rs-react-app/src/pages/NotFoundPage.tsx","statementMap":{"0":{"start":{"line":3,"column":6},"end":{"line":8,"column":null}},"1":{"start":{"line":4,"column":2},"end":{"line":8,"column":null}}},"fnMap":{"0":{"name":"(anonymous_0)","decl":{"start":{"line":3,"column":6},"end":{"line":3,"column":27}},"loc":{"start":{"line":3,"column":27},"end":{"line":8,"column":null}},"line":3}},"branchMap":{},"s":{"0":1,"1":1},"f":{"0":1},"b":{},"meta":{"lastBranch":0,"lastFunction":1,"lastStatement":2,"seen":{"s:3:6:8:Infinity":0,"f:3:6:3:27":0,"s:4:2:8:Infinity":1}}}
,"/Users/dariapusovskaya/Desktop/react-ed/RS-react/rs-react-app/src/services/api.ts": {"path":"/Users/dariapusovskaya/Desktop/react-ed/RS-react/rs-react-app/src/services/api.ts","statementMap":{"0":{"start":{"line":22,"column":10},"end":{"line":22,"column":null}},"1":{"start":{"line":26,"column":4},"end":{"line":29,"column":null}},"2":{"start":{"line":27,"column":8},"end":{"line":27,"column":null}},"3":{"start":{"line":29,"column":8},"end":{"line":29,"column":null}},"4":{"start":{"line":32,"column":25},"end":{"line":32,"column":41}},"5":{"start":{"line":33,"column":40},"end":{"line":33,"column":61}},"6":{"start":{"line":35,"column":30},"end":{"line":39,"column":11}},"7":{"start":{"line":35,"column":60},"end":{"line":39,"column":11}},"8":{"start":{"line":41,"column":8},"end":{"line":44,"column":null}}},"fnMap":{"0":{"name":"fetchItems","decl":{"start":{"line":21,"column":22},"end":{"line":21,"column":33}},"loc":{"start":{"line":21,"column":135},"end":{"line":44,"column":null}},"line":21},"1":{"name":"(anonymous_1)","decl":{"start":{"line":35,"column":44},"end":{"line":35,"column":48}},"loc":{"start":{"line":35,"column":60},"end":{"line":39,"column":11}},"line":35}},"branchMap":{"0":{"loc":{"start":{"line":21,"column":33},"end":{"line":21,"column":91}},"type":"default-arg","locations":[{"start":{"line":21,"column":89},"end":{"line":21,"column":91}}],"line":21},"1":{"loc":{"start":{"line":21,"column":47},"end":{"line":21,"column":57}},"type":"default-arg","locations":[{"start":{"line":21,"column":54},"end":{"line":21,"column":57}}],"line":21},"2":{"loc":{"start":{"line":21,"column":57},"end":{"line":21,"column":89}},"type":"default-arg","locations":[{"start":{"line":21,"column":65},"end":{"line":21,"column":89}}],"line":21},"3":{"loc":{"start":{"line":26,"column":4},"end":{"line":29,"column":null}},"type":"if","locations":[{"start":{"line":26,"column":4},"end":{"line":29,"column":null}},{"start":{"line":28,"column":15},"end":{"line":29,"column":null}}],"line":26},"4":{"loc":{"start":{"line":26,"column":8},"end":{"line":26,"column":48}},"type":"binary-expr","locations":[{"start":{"line":26,"column":8},"end":{"line":26,"column":22}},{"start":{"line":26,"column":22},"end":{"line":26,"column":48}}],"line":26}},"s":{"0":5,"1":5,"2":2,"3":3,"4":5,"5":4,"6":4,"7":3,"8":4},"f":{"0":5,"1":3},"b":{"0":[5],"1":[5],"2":[5],"3":[2,3],"4":[5,2]},"meta":{"lastBranch":5,"lastFunction":2,"lastStatement":9,"seen":{"f:21:22:21:33":0,"b:21:89:21:91":0,"b:21:54:21:57":1,"b:21:65:21:89":2,"s:22:10:22:Infinity":0,"b:26:4:29:Infinity:28:15:29:Infinity":3,"s:26:4:29:Infinity":1,"b:26:8:26:22:26:22:26:48":4,"s:27:8:27:Infinity":2,"s:29:8:29:Infinity":3,"s:32:25:32:41":4,"s:33:40:33:61":5,"s:35:30:39:11":6,"f:35:44:35:48":1,"s:35:60:39:11":7,"s:41:8:44:Infinity":8}}}
,"/Users/dariapusovskaya/Desktop/react-ed/RS-react/rs-react-app/src/services/mock/api.ts": {"path":"/Users/dariapusovskaya/Desktop/react-ed/RS-react/rs-react-app/src/services/mock/api.ts","statementMap":{"0":{"start":{"line":3,"column":26},"end":{"line":3,"column":33}}},"fnMap":{},"branchMap":{},"s":{"0":0},"f":{},"b":{},"meta":{"lastBranch":0,"lastFunction":0,"lastStatement":1,"seen":{"s:3:26:3:33":0}}}
,"/Users/dariapusovskaya/Desktop/react-ed/RS-react/rs-react-app/src/types/index.ts": {"path":"/Users/dariapusovskaya/Desktop/react-ed/RS-react/rs-react-app/src/types/index.ts","statementMap":{},"fnMap":{},"branchMap":{},"s":{},"f":{},"b":{},"meta":{"lastBranch":0,"lastFunction":0,"lastStatement":0,"seen":{}}}
}
